#
# A fatal error has been detected by the Java Runtime Environment:
#
#  EXCEPTION_ACCESS_VIOLATION (0xc0000005) at pc=0x00007ffe8f1b3160, pid=37188, tid=40368
#
# JRE version: Java(TM) SE Runtime Environment (20.0.1+9) (build 20.0.1+9-29)
# Java VM: Java HotSpot(TM) 64-Bit Server VM (20.0.1+9-29, mixed mode, sharing, tiered, compressed oops, compressed class ptrs, g1 gc, windows-amd64)
# Problematic frame:
# C  [atio6axx.dll+0xa83160]
#
# No core dump will be written. Minidumps are not enabled by default on client versions of Windows
#
# If you would like to submit a bug report, please visit:
#   https://bugreport.java.com/bugreport/crash.jsp
# The crash happened outside the Java Virtual Machine in native code.
# See problematic frame for where to report the bug.
#

---------------  S U M M A R Y ------------

Command Line: -Dfile.encoding=UTF-8 -XX:+ShowCodeDetailsInExceptionMessages Main3D

Host: AMD Ryzen 7 5800H with Radeon Graphics         , 16 cores, 15G,  Windows 11 , 64 bit Build 26100 (10.0.26100.3912)
Time: Tue Jun 10 18:33:36 2025 E. South America Standard Time elapsed time: 3.207710 seconds (0d 0h 0m 3s)

---------------  T H R E A D  ---------------

Current thread (0x0000022771ffe770):  JavaThread "main" [_thread_in_native, id=40368, stack(0x000000403d000000,0x000000403d100000)]

Stack: [0x000000403d000000,0x000000403d100000],  sp=0x000000403d0fe930,  free space=1018k
Native frames: (J=compiled Java code, j=interpreted, Vv=VM code, C=native code)
C  [atio6axx.dll+0xa83160]

Java frames: (J=compiled Java code, j=interpreted, Vv=VM code)
j  org.lwjgl.opengl.GL11C.glDrawArrays(III)V+0
j  org.lwjgl.opengl.GL11.glDrawArrays(III)V+3
j  Model.VboCube.draw()V+97
j  obj.ObjtCene.DesenhaSe(Lshaders/ShaderProgram;)V+138
j  Main3D.loop()V+1047
j  Main3D.run()V+34
j  Main3D.main([Ljava/lang/String;)V+7
v  ~StubRoutines::call_stub 0x000002270745100d

siginfo: EXCEPTION_ACCESS_VIOLATION (0xc0000005), reading address 0x0000000000000000


Registers:
RAX=0xfffffffffffffe00, RBX=0x000002271b63d000, RCX=0x000002271b63d000, RDX=0x0000000000000000
RSP=0x000000403d0fe930, RBP=0x0000022717ce71f0, RSI=0x0000000000000001, RDI=0x0000000000000024
R8 =0x0000000000000004, R9 =0x0000000000000040, R10=0x000000000001d000, R11=0x0000022717ce72a0
R12=0x0000000000000240, R13=0x0000022717ce79c0, R14=0x0000000000000010, R15=0x0000022717d0a168
RIP=0x00007ffe8f1b3160, EFLAGS=0x0000000000010203


Register to memory mapping:

RIP=0x00007ffe8f1b3160 atio6axx.dll
RAX=0xfffffffffffffe00 is an unknown value
RBX=0x000002271b63d000 points into unknown readable memory: 0x0000000000000000 | 00 00 00 00 00 00 00 00
RCX=0x000002271b63d000 points into unknown readable memory: 0x0000000000000000 | 00 00 00 00 00 00 00 00
RDX=0x0 is NULL
RSP=0x000000403d0fe930 is pointing into the stack for thread: 0x0000022771ffe770
RBP=0x0000022717ce71f0 points into unknown readable memory: 0x000002271836dbb0 | b0 db 36 18 27 02 00 00
RSI=0x0000000000000001 is an unknown value
RDI=0x0000000000000024 is an unknown value
R8 =0x0000000000000004 is an unknown value
R9 =0x0000000000000040 is an unknown value
R10=0x000000000001d000 is an unknown value
R11=0x0000022717ce72a0 points into unknown readable memory: 0x00000000000001b0 | b0 01 00 00 00 00 00 00
R12=0x0000000000000240 is an unknown value
R13=0x0000022717ce79c0 points into unknown readable memory: 0x0000022717ce71f0 | f0 71 ce 17 27 02 00 00
R14=0x0000000000000010 is an unknown value
R15=0x0000022717d0a168 points into unknown readable memory: 0x0000000000000000 | 00 00 00 00 00 00 00 00


Top of Stack: (sp=0x000000403d0fe930)
0x000000403d0fe930:   0000000000000024 00007ffe8f3573b8
0x000000403d0fe940:   0000000000000004 000002270001d000
0x000000403d0fe950:   0000022717ce79c0 00007ffeaa3a5468
0x000000403d0fe960:   0000000000000000 0000022771ffe770
0x000000403d0fe970:   0000022700000002 0000022717ce71f0
0x000000403d0fe980:   0000022771ffecd0 0000022771fff0a8
0x000000403d0fe990:   00000000000003d8 0000022771fff0a8
0x000000403d0fe9a0:   00000000000003d8 0000004041537d55
0x000000403d0fe9b0:   000002271811d9b0 0000000000000000
0x000000403d0fe9c0:   000000000003fc00 0000000000000000
0x000000403d0fe9d0:   000000403d0feae0 00007ffe8fb630e6
0x000000403d0fe9e0:   00000227181d2cc0 0000022718251010
0x000000403d0fe9f0:   0000022716668fb0 000002271811d9b0
0x000000403d0fea00:   000000000003fc00 000000403d0feaf0
0x000000403d0fea10:   0000000000000000 0000000000000000
0x000000403d0fea20:   00009dc83f4ccccd 0000022700000000
0x000000403d0fea30:   0000000000000000 000000080101d3d0
0x000000403d0fea40:   ffffffffffffffff 00000000ffffffff
0x000000403d0fea50:   0000000000000000 0000000000000000
0x000000403d0fea60:   0000000000000015 0000000000000001
0x000000403d0fea70:   0000000100000001 0000000200000000
0x000000403d0fea80:   0000000000000000 0000000000000000
0x000000403d0fea90:   0000000000000000 0000000000000000
0x000000403d0feaa0:   0000000000000000 0000000000000000
0x000000403d0feab0:   0000000000000000 0000000000000000
0x000000403d0feac0:   0000000000000000 0000000012000000
0x000000403d0fead0:   0000022700000000 0000000000000000
0x000000403d0feae0:   0000000000000000 00007ffeaa000000
0x000000403d0feaf0:   0000022700000000 0000000000100000
0x000000403d0feb00:   0000000100000001 000000403d0ff001
0x000000403d0feb10:   ffffffffffffffff 00000000ffffffff
0x000000403d0feb20:   0000000000000000 0000000000000000 

Instructions: (pc=0x00007ffe8f1b3160)
0x00007ffe8f1b3060:   c7 83 e7 0f 76 6b 48 89 5c 24 10 44 8b df 41 83
0x00007ffe8f1b3070:   e3 f8 8b df 41 2b db 4c 8b c2 41 c1 eb 03 4c 8b
0x00007ffe8f1b3080:   d1 45 85 db 74 1e 66 66 0f 1f 84 00 00 00 00 00
0x00007ffe8f1b3090:   49 8b 00 49 83 c0 08 49 89 02 49 83 c2 08 41 83
0x00007ffe8f1b30a0:   c3 ff 75 ec 85 db 74 19 4d 2b d0 0f 1f 44 00 00
0x00007ffe8f1b30b0:   41 0f b6 00 43 88 04 02 4d 8d 40 01 83 c3 ff 75
0x00007ffe8f1b30c0:   ef 48 8b 5c 24 10 8b c7 48 03 c8 48 03 d0 4c 2b
0x00007ffe8f1b30d0:   c8 48 8b 3c 24 48 8b c2 83 e0 0f 49 81 f9 80 00
0x00007ffe8f1b30e0:   00 00 0f 82 c4 00 00 00 4d 8b c1 49 c1 e8 07 48
0x00007ffe8f1b30f0:   85 c0 74 5a 49 6b c0 80 4c 03 c8 0f 1f 44 00 00
0x00007ffe8f1b3100:   0f 10 02 0f 2b 01 0f 10 4a 10 0f 2b 49 10 0f 10
0x00007ffe8f1b3110:   42 20 0f 2b 41 20 0f 10 4a 30 0f 2b 49 30 0f 10
0x00007ffe8f1b3120:   42 40 0f 2b 41 40 0f 10 4a 50 0f 2b 49 50 0f 10
0x00007ffe8f1b3130:   42 60 0f 2b 41 60 0f 10 4a 70 48 83 ea 80 0f 2b
0x00007ffe8f1b3140:   49 70 48 83 e9 80 49 83 e8 01 75 b4 eb 5e 49 6b
0x00007ffe8f1b3150:   c0 80 4c 03 c8 66 66 66 0f 1f 84 00 00 00 00 00
0x00007ffe8f1b3160:   0f 10 02 0f 2b 01 0f 10 4a 10 0f 2b 49 10 0f 10
0x00007ffe8f1b3170:   42 20 0f 2b 41 20 0f 10 4a 30 0f 2b 49 30 0f 10
0x00007ffe8f1b3180:   42 40 0f 2b 41 40 0f 10 4a 50 0f 2b 49 50 0f 10
0x00007ffe8f1b3190:   42 60 0f 2b 41 60 0f 10 4a 70 48 83 ea 80 0f 2b
0x00007ffe8f1b31a0:   49 70 48 83 e9 80 49 83 e8 01 75 b4 0f ae f8 4d
0x00007ffe8f1b31b0:   85 c9 74 4c 45 8b c1 41 83 e0 f8 45 2b c8 41 c1
0x00007ffe8f1b31c0:   e8 03 45 85 c0 74 1d 66 0f 1f 84 00 00 00 00 00
0x00007ffe8f1b31d0:   48 8b 02 48 83 c2 08 48 89 01 48 83 c1 08 41 83
0x00007ffe8f1b31e0:   c0 ff 75 ec 45 85 c9 74 17 48 2b ca 0f 1f 40 00
0x00007ffe8f1b31f0:   0f b6 02 88 04 11 48 8d 52 01 41 83 c1 ff 75 f0
0x00007ffe8f1b3200:   48 83 c4 08 c3 cc cc cc cc cc cc cc cc cc cc cc
0x00007ffe8f1b3210:   48 89 5c 24 08 57 48 83 ec 10 44 8b d9 49 8b f8
0x00007ffe8f1b3220:   4c 8b c2 49 8b d9 f6 c2 03 0f 85 d0 01 00 00 f3
0x00007ffe8f1b3230:   41 0f 6f 10 48 8b c2 41 ba 08 00 00 00 66 0f 6f
0x00007ffe8f1b3240:   25 8b ca dc 01 41 8b d3 48 d1 e8 66 0f ef d4 83
0x00007ffe8f1b3250:   e0 07 4c 2b d0 49 2b d2 48 ff ca 48 c1 ea 03 4c 


Stack slot to memory mapping:
stack at sp + 0 slots: 0x0000000000000024 is an unknown value
stack at sp + 1 slots: 0x00007ffe8f3573b8 atio6axx.dll
stack at sp + 2 slots: 0x0000000000000004 is an unknown value
stack at sp + 3 slots: 0x000002270001d000 is at entry_point+480 in (nmethod*)0x000002270001cc90
Compiled method (c1)    3309  100       3       java.util.zip.ZipUtils::CENEXT (9 bytes)
 total in heap  [0x000002270001cc90,0x000002270001d0b0] = 1056
 relocation     [0x000002270001cdd8,0x000002270001ce18] = 64
 main code      [0x000002270001ce20,0x000002270001cf98] = 376
 stub code      [0x000002270001cf98,0x000002270001cfd0] = 56
 metadata       [0x000002270001cfd0,0x000002270001cfe0] = 16
 scopes data    [0x000002270001cfe0,0x000002270001d010] = 48
 scopes pcs     [0x000002270001d010,0x000002270001d090] = 128
 dependencies   [0x000002270001d090,0x000002270001d098] = 8
 nul chk table  [0x000002270001d098,0x000002270001d0b0] = 24
stack at sp + 4 slots: 0x0000022717ce79c0 points into unknown readable memory: 0x0000022717ce71f0 | f0 71 ce 17 27 02 00 00
stack at sp + 5 slots: 0x00007ffeaa3a5468 jvm.dll
stack at sp + 6 slots: 0x0 is NULL
stack at sp + 7 slots: 0x0000022771ffe770 is a thread


---------------  P R O C E S S  ---------------

Threads class SMR info:
_java_thread_list=0x000002271f179790, length=15, elements={
0x0000022771ffe770, 0x0000022711c87200, 0x0000022711c87b40, 0x0000022711c8af10,
0x0000022711c8d860, 0x0000022711c8e1a0, 0x0000022711c98c30, 0x0000022711c9be00,
0x0000022711c9c780, 0x0000022716177990, 0x0000022716186780, 0x0000022718849c80,
0x0000022717b9ef00, 0x0000022717ba2110, 0x0000022717ba26a0
}

Java Threads: ( => current thread )
=>0x0000022771ffe770 JavaThread "main" [_thread_in_native, id=40368, stack(0x000000403d000000,0x000000403d100000)]
  0x0000022711c87200 JavaThread "Reference Handler" daemon [_thread_blocked, id=32516, stack(0x000000403d700000,0x000000403d800000)]
  0x0000022711c87b40 JavaThread "Finalizer" daemon [_thread_blocked, id=37608, stack(0x000000403d800000,0x000000403d900000)]
  0x0000022711c8af10 JavaThread "Signal Dispatcher" daemon [_thread_blocked, id=24276, stack(0x000000403d900000,0x000000403da00000)]
  0x0000022711c8d860 JavaThread "Attach Listener" daemon [_thread_blocked, id=33448, stack(0x000000403da00000,0x000000403db00000)]
  0x0000022711c8e1a0 JavaThread "Service Thread" daemon [_thread_blocked, id=37512, stack(0x000000403db00000,0x000000403dc00000)]
  0x0000022711c98c30 JavaThread "Monitor Deflation Thread" daemon [_thread_blocked, id=35924, stack(0x000000403dc00000,0x000000403dd00000)]
  0x0000022711c9be00 JavaThread "C2 CompilerThread0" daemon [_thread_blocked, id=29952, stack(0x000000403dd00000,0x000000403de00000)]
  0x0000022711c9c780 JavaThread "C1 CompilerThread0" daemon [_thread_blocked, id=41144, stack(0x000000403de00000,0x000000403df00000)]
  0x0000022716177990 JavaThread "Notification Thread" daemon [_thread_blocked, id=38528, stack(0x000000403e100000,0x000000403e200000)]
  0x0000022716186780 JavaThread "Common-Cleaner" daemon [_thread_blocked, id=40108, stack(0x000000403e300000,0x000000403e400000)]
  0x0000022718849c80 JavaThread "Java2D Disposer" daemon [_thread_blocked, id=40756, stack(0x000000403e400000,0x000000403e500000)]
  0x0000022717b9ef00 JavaThread "C2 CompilerThread1" daemon [_thread_blocked, id=12568, stack(0x000000403e900000,0x000000403ea00000)]
  0x0000022717ba2110 JavaThread "C2 CompilerThread2" daemon [_thread_blocked, id=41132, stack(0x000000403eb00000,0x000000403ec00000)]
  0x0000022717ba26a0 JavaThread "C1 CompilerThread1" daemon [_thread_blocked, id=27280, stack(0x000000403ec00000,0x000000403ed00000)]

Other Threads:
  0x0000022711c6bb70 VMThread "VM Thread" [stack: 0x000000403d600000,0x000000403d700000] [id=22576]
  0x0000022716186320 WatcherThread "VM Periodic Task Thread" [stack: 0x000000403e200000,0x000000403e300000] [id=35060]
  0x000002277206e4b0 WorkerThread "GC Thread#0" [stack: 0x000000403d100000,0x000000403d200000] [id=24804]
  0x00000227165f1f40 WorkerThread "GC Thread#1" [stack: 0x000000403ed00000,0x000000403ee00000] [id=3428]
  0x00000227165f08c0 WorkerThread "GC Thread#2" [stack: 0x000000403ee00000,0x000000403ef00000] [id=38792]
  0x00000227165f0b90 WorkerThread "GC Thread#3" [stack: 0x000000403ef00000,0x000000403f000000] [id=33984]
  0x00000227165f19a0 WorkerThread "GC Thread#4" [stack: 0x000000403f000000,0x000000403f100000] [id=36720]
  0x00000227165f1c70 WorkerThread "GC Thread#5" [stack: 0x000000403f100000,0x000000403f200000] [id=13416]
  0x00000227165f2210 WorkerThread "GC Thread#6" [stack: 0x000000403f200000,0x000000403f300000] [id=34248]
  0x00000227165f05f0 WorkerThread "GC Thread#7" [stack: 0x000000403f300000,0x000000403f400000] [id=40760]
  0x000002271f2565f0 WorkerThread "GC Thread#8" [stack: 0x000000403df00000,0x000000403e000000] [id=29280]
  0x000002271f253e90 WorkerThread "GC Thread#9" [stack: 0x000000403e000000,0x000000403e100000] [id=38080]
  0x000002271f257400 WorkerThread "GC Thread#10" [stack: 0x000000403ea00000,0x000000403eb00000] [id=37984]
  0x000002277207edc0 ConcurrentGCThread "G1 Main Marker" [stack: 0x000000403d200000,0x000000403d300000] [id=33904]
  0x0000022772080b00 WorkerThread "G1 Conc#0" [stack: 0x000000403d300000,0x000000403d400000] [id=37680]
  0x0000022711b26060 ConcurrentGCThread "G1 Refine#0" [stack: 0x000000403d400000,0x000000403d500000] [id=41600]
  0x0000022711b27a10 ConcurrentGCThread "G1 Service" [stack: 0x000000403d500000,0x000000403d600000] [id=37772]

Threads with active compile tasks:

VM state: not at safepoint (normal execution)

VM Mutex/Monitor currently owned by a thread: None

Heap address: 0x0000000709800000, size: 3944 MB, Compressed Oops mode: Zero based, Oop shift amount: 3

CDS archive(s) mapped at: [0x0000000800000000-0x0000000800c60000-0x0000000800c60000), size 12976128, SharedBaseAddress: 0x0000000800000000, ArchiveRelocationMode: 0.
Compressed class space mapped at: 0x0000000801000000-0x0000000841000000, reserved size: 1073741824
Narrow klass base: 0x0000000800000000, Narrow klass shift: 0, Narrow klass range: 0x100000000

GC Precious Log:
 CardTable entry size: 512
 Card Set container configuration: InlinePtr #cards 4 size 8 Array Of Cards #cards 16 size 48 Howl #buckets 8 coarsen threshold 3686 Howl Bitmap #cards 512 size 80 coarsen threshold 460 Card regions per heap region 1 cards per card region 4096
 CPUs: 16 total, 16 available
 Memory: 15775M
 Large Page Support: Disabled
 NUMA Support: Disabled
 Compressed Oops: Enabled (Zero based)
 Heap Region Size: 2M
 Heap Min Capacity: 8M
 Heap Initial Capacity: 248M
 Heap Max Capacity: 3944M
 Pre-touch: Disabled
 Parallel Workers: 13
 Concurrent Workers: 3
 Concurrent Refinement Workers: 13
 Periodic GC: Disabled

Heap:
 garbage-first heap   total 505856K, used 343334K [0x0000000709800000, 0x0000000800000000)
  region size 2048K, 146 young (299008K), 19 survivors (38912K)
 Metaspace       used 7343K, committed 7552K, reserved 1114112K
  class space    used 526K, committed 640K, reserved 1048576K

Heap Regions: E=young(eden), S=young(survivor), O=old, HS=humongous(starts), HC=humongous(continues), CS=collection set, F=free, OA=open archive, CA=closed archive, TAMS=top-at-mark-start, PB=parsable bottom
|   0|0x0000000709800000, 0x0000000709a00000, 0x0000000709a00000|100%|HS|  |TAMS 0x0000000709800000| PB 0x0000000709800000| Complete 
|   1|0x0000000709a00000, 0x0000000709c00000, 0x0000000709c00000|100%|HC|  |TAMS 0x0000000709a00000| PB 0x0000000709a00000| Complete 
|   2|0x0000000709c00000, 0x0000000709e00000, 0x0000000709e00000|100%|HS|  |TAMS 0x0000000709c00000| PB 0x0000000709c00000| Complete 
|   3|0x0000000709e00000, 0x000000070a000000, 0x000000070a000000|100%|HC|  |TAMS 0x0000000709e00000| PB 0x0000000709e00000| Complete 
|   4|0x000000070a000000, 0x000000070a200000, 0x000000070a200000|100%| O|  |TAMS 0x000000070a000000| PB 0x000000070a000000| Untracked 
|   5|0x000000070a200000, 0x000000070a400000, 0x000000070a400000|100%| O|  |TAMS 0x000000070a200000| PB 0x000000070a200000| Untracked 
|   6|0x000000070a400000, 0x000000070a600000, 0x000000070a600000|100%| O|  |TAMS 0x000000070a400000| PB 0x000000070a400000| Untracked 
|   7|0x000000070a600000, 0x000000070a800000, 0x000000070a800000|100%| O|  |TAMS 0x000000070a600000| PB 0x000000070a600000| Untracked 
|   8|0x000000070a800000, 0x000000070aa00000, 0x000000070aa00000|100%| O|  |TAMS 0x000000070a800000| PB 0x000000070a800000| Untracked 
|   9|0x000000070aa00000, 0x000000070ac00000, 0x000000070ac00000|100%| O|  |TAMS 0x000000070aa00000| PB 0x000000070aa00000| Untracked 
|  10|0x000000070ac00000, 0x000000070ae00000, 0x000000070ae00000|100%| O|  |TAMS 0x000000070ac00000| PB 0x000000070ac00000| Untracked 
|  11|0x000000070ae00000, 0x000000070b000000, 0x000000070b000000|100%|HS|  |TAMS 0x000000070ae00000| PB 0x000000070ae00000| Complete 
|  12|0x000000070b000000, 0x000000070b200000, 0x000000070b200000|100%|HS|  |TAMS 0x000000070b000000| PB 0x000000070b000000| Complete 
|  13|0x000000070b200000, 0x000000070b400000, 0x000000070b400000|100%| O|  |TAMS 0x000000070b200000| PB 0x000000070b200000| Untracked 
|  14|0x000000070b400000, 0x000000070b600000, 0x000000070b600000|100%| O|  |TAMS 0x000000070b400000| PB 0x000000070b400000| Untracked 
|  15|0x000000070b600000, 0x000000070b800000, 0x000000070b800000|100%| O|  |TAMS 0x000000070b600000| PB 0x000000070b600000| Untracked 
|  16|0x000000070b800000, 0x000000070ba00000, 0x000000070ba00000|100%|HS|  |TAMS 0x000000070b800000| PB 0x000000070b800000| Complete 
|  17|0x000000070ba00000, 0x000000070bc00000, 0x000000070bc00000|100%|HC|  |TAMS 0x000000070ba00000| PB 0x000000070ba00000| Complete 
|  18|0x000000070bc00000, 0x000000070be00000, 0x000000070be00000|100%|HS|  |TAMS 0x000000070bc00000| PB 0x000000070bc00000| Complete 
|  19|0x000000070be00000, 0x000000070c000000, 0x000000070c000000|100%| O|  |TAMS 0x000000070be00000| PB 0x000000070be00000| Untracked 
|  20|0x000000070c000000, 0x000000070c200000, 0x000000070c200000|100%| O|  |TAMS 0x000000070c000000| PB 0x000000070c000000| Untracked 
|  21|0x000000070c200000, 0x000000070c400000, 0x000000070c400000|100%|HS|  |TAMS 0x000000070c200000| PB 0x000000070c200000| Complete 
|  22|0x000000070c400000, 0x000000070c549800, 0x000000070c600000| 64%| O|  |TAMS 0x000000070c400000| PB 0x000000070c400000| Untracked 
|  23|0x000000070c600000, 0x000000070c600000, 0x000000070c800000|  0%| F|  |TAMS 0x000000070c600000| PB 0x000000070c600000| Untracked 
|  24|0x000000070c800000, 0x000000070c800000, 0x000000070ca00000|  0%| F|  |TAMS 0x000000070c800000| PB 0x000000070c800000| Untracked 
|  25|0x000000070ca00000, 0x000000070ca00000, 0x000000070cc00000|  0%| F|  |TAMS 0x000000070ca00000| PB 0x000000070ca00000| Untracked 
|  26|0x000000070cc00000, 0x000000070cc00000, 0x000000070ce00000|  0%| F|  |TAMS 0x000000070cc00000| PB 0x000000070cc00000| Untracked 
|  27|0x000000070ce00000, 0x000000070ce00000, 0x000000070d000000|  0%| F|  |TAMS 0x000000070ce00000| PB 0x000000070ce00000| Untracked 
|  28|0x000000070d000000, 0x000000070d000000, 0x000000070d200000|  0%| F|  |TAMS 0x000000070d000000| PB 0x000000070d000000| Untracked 
|  29|0x000000070d200000, 0x000000070d200000, 0x000000070d400000|  0%| F|  |TAMS 0x000000070d200000| PB 0x000000070d200000| Untracked 
|  30|0x000000070d400000, 0x000000070d400000, 0x000000070d600000|  0%| F|  |TAMS 0x000000070d400000| PB 0x000000070d400000| Untracked 
|  31|0x000000070d600000, 0x000000070d600000, 0x000000070d800000|  0%| F|  |TAMS 0x000000070d600000| PB 0x000000070d600000| Untracked 
|  32|0x000000070d800000, 0x000000070d800000, 0x000000070da00000|  0%| F|  |TAMS 0x000000070d800000| PB 0x000000070d800000| Untracked 
|  33|0x000000070da00000, 0x000000070da00000, 0x000000070dc00000|  0%| F|  |TAMS 0x000000070da00000| PB 0x000000070da00000| Untracked 
|  34|0x000000070dc00000, 0x000000070dc00000, 0x000000070de00000|  0%| F|  |TAMS 0x000000070dc00000| PB 0x000000070dc00000| Untracked 
|  35|0x000000070de00000, 0x000000070de00000, 0x000000070e000000|  0%| F|  |TAMS 0x000000070de00000| PB 0x000000070de00000| Untracked 
|  36|0x000000070e000000, 0x000000070e000000, 0x000000070e200000|  0%| F|  |TAMS 0x000000070e000000| PB 0x000000070e000000| Untracked 
|  37|0x000000070e200000, 0x000000070e200000, 0x000000070e400000|  0%| F|  |TAMS 0x000000070e200000| PB 0x000000070e200000| Untracked 
|  38|0x000000070e400000, 0x000000070e400000, 0x000000070e600000|  0%| F|  |TAMS 0x000000070e400000| PB 0x000000070e400000| Untracked 
|  39|0x000000070e600000, 0x000000070e600000, 0x000000070e800000|  0%| F|  |TAMS 0x000000070e600000| PB 0x000000070e600000| Untracked 
|  40|0x000000070e800000, 0x000000070e800000, 0x000000070ea00000|  0%| F|  |TAMS 0x000000070e800000| PB 0x000000070e800000| Untracked 
|  41|0x000000070ea00000, 0x000000070ea00000, 0x000000070ec00000|  0%| F|  |TAMS 0x000000070ea00000| PB 0x000000070ea00000| Untracked 
|  42|0x000000070ec00000, 0x000000070ec00000, 0x000000070ee00000|  0%| F|  |TAMS 0x000000070ec00000| PB 0x000000070ec00000| Untracked 
|  43|0x000000070ee00000, 0x000000070ee00000, 0x000000070f000000|  0%| F|  |TAMS 0x000000070ee00000| PB 0x000000070ee00000| Untracked 
|  44|0x000000070f000000, 0x000000070f000000, 0x000000070f200000|  0%| F|  |TAMS 0x000000070f000000| PB 0x000000070f000000| Untracked 
|  45|0x000000070f200000, 0x000000070f200000, 0x000000070f400000|  0%| F|  |TAMS 0x000000070f200000| PB 0x000000070f200000| Untracked 
|  46|0x000000070f400000, 0x000000070f400000, 0x000000070f600000|  0%| F|  |TAMS 0x000000070f400000| PB 0x000000070f400000| Untracked 
|  47|0x000000070f600000, 0x000000070f600000, 0x000000070f800000|  0%| F|  |TAMS 0x000000070f600000| PB 0x000000070f600000| Untracked 
|  48|0x000000070f800000, 0x000000070f800000, 0x000000070fa00000|  0%| F|  |TAMS 0x000000070f800000| PB 0x000000070f800000| Untracked 
|  49|0x000000070fa00000, 0x000000070fa00000, 0x000000070fc00000|  0%| F|  |TAMS 0x000000070fa00000| PB 0x000000070fa00000| Untracked 
|  50|0x000000070fc00000, 0x000000070fc00000, 0x000000070fe00000|  0%| F|  |TAMS 0x000000070fc00000| PB 0x000000070fc00000| Untracked 
|  51|0x000000070fe00000, 0x000000070fe00000, 0x0000000710000000|  0%| F|  |TAMS 0x000000070fe00000| PB 0x000000070fe00000| Untracked 
|  52|0x0000000710000000, 0x0000000710000000, 0x0000000710200000|  0%| F|  |TAMS 0x0000000710000000| PB 0x0000000710000000| Untracked 
|  53|0x0000000710200000, 0x0000000710200000, 0x0000000710400000|  0%| F|  |TAMS 0x0000000710200000| PB 0x0000000710200000| Untracked 
|  54|0x0000000710400000, 0x0000000710400000, 0x0000000710600000|  0%| F|  |TAMS 0x0000000710400000| PB 0x0000000710400000| Untracked 
|  55|0x0000000710600000, 0x0000000710600000, 0x0000000710800000|  0%| F|  |TAMS 0x0000000710600000| PB 0x0000000710600000| Untracked 
|  56|0x0000000710800000, 0x0000000710800000, 0x0000000710a00000|  0%| F|  |TAMS 0x0000000710800000| PB 0x0000000710800000| Untracked 
|  57|0x0000000710a00000, 0x0000000710a00000, 0x0000000710c00000|  0%| F|  |TAMS 0x0000000710a00000| PB 0x0000000710a00000| Untracked 
|  58|0x0000000710c00000, 0x0000000710c00000, 0x0000000710e00000|  0%| F|  |TAMS 0x0000000710c00000| PB 0x0000000710c00000| Untracked 
|  59|0x0000000710e00000, 0x0000000710e00000, 0x0000000711000000|  0%| F|  |TAMS 0x0000000710e00000| PB 0x0000000710e00000| Untracked 
|  60|0x0000000711000000, 0x0000000711000000, 0x0000000711200000|  0%| F|  |TAMS 0x0000000711000000| PB 0x0000000711000000| Untracked 
|  61|0x0000000711200000, 0x0000000711200000, 0x0000000711400000|  0%| F|  |TAMS 0x0000000711200000| PB 0x0000000711200000| Untracked 
|  62|0x0000000711400000, 0x0000000711400000, 0x0000000711600000|  0%| F|  |TAMS 0x0000000711400000| PB 0x0000000711400000| Untracked 
|  63|0x0000000711600000, 0x0000000711600000, 0x0000000711800000|  0%| F|  |TAMS 0x0000000711600000| PB 0x0000000711600000| Untracked 
|  64|0x0000000711800000, 0x0000000711800000, 0x0000000711a00000|  0%| F|  |TAMS 0x0000000711800000| PB 0x0000000711800000| Untracked 
|  65|0x0000000711a00000, 0x0000000711a00000, 0x0000000711c00000|  0%| F|  |TAMS 0x0000000711a00000| PB 0x0000000711a00000| Untracked 
|  66|0x0000000711c00000, 0x0000000711c00000, 0x0000000711e00000|  0%| F|  |TAMS 0x0000000711c00000| PB 0x0000000711c00000| Untracked 
|  67|0x0000000711e00000, 0x0000000711e00000, 0x0000000712000000|  0%| F|  |TAMS 0x0000000711e00000| PB 0x0000000711e00000| Untracked 
|  68|0x0000000712000000, 0x0000000712000000, 0x0000000712200000|  0%| F|  |TAMS 0x0000000712000000| PB 0x0000000712000000| Untracked 
|  69|0x0000000712200000, 0x0000000712200000, 0x0000000712400000|  0%| F|  |TAMS 0x0000000712200000| PB 0x0000000712200000| Untracked 
|  70|0x0000000712400000, 0x0000000712400000, 0x0000000712600000|  0%| F|  |TAMS 0x0000000712400000| PB 0x0000000712400000| Untracked 
|  71|0x0000000712600000, 0x0000000712600000, 0x0000000712800000|  0%| F|  |TAMS 0x0000000712600000| PB 0x0000000712600000| Untracked 
|  72|0x0000000712800000, 0x0000000712800000, 0x0000000712a00000|  0%| F|  |TAMS 0x0000000712800000| PB 0x0000000712800000| Untracked 
|  73|0x0000000712a00000, 0x0000000712a00000, 0x0000000712c00000|  0%| F|  |TAMS 0x0000000712a00000| PB 0x0000000712a00000| Untracked 
|  74|0x0000000712c00000, 0x0000000712c00000, 0x0000000712e00000|  0%| F|  |TAMS 0x0000000712c00000| PB 0x0000000712c00000| Untracked 
|  75|0x0000000712e00000, 0x0000000712e00000, 0x0000000713000000|  0%| F|  |TAMS 0x0000000712e00000| PB 0x0000000712e00000| Untracked 
|  76|0x0000000713000000, 0x0000000713000000, 0x0000000713200000|  0%| F|  |TAMS 0x0000000713000000| PB 0x0000000713000000| Untracked 
|  77|0x0000000713200000, 0x0000000713200000, 0x0000000713400000|  0%| F|  |TAMS 0x0000000713200000| PB 0x0000000713200000| Untracked 
|  78|0x0000000713400000, 0x0000000713400000, 0x0000000713600000|  0%| F|  |TAMS 0x0000000713400000| PB 0x0000000713400000| Untracked 
|  79|0x0000000713600000, 0x0000000713600000, 0x0000000713800000|  0%| F|  |TAMS 0x0000000713600000| PB 0x0000000713600000| Untracked 
|  80|0x0000000713800000, 0x0000000713800000, 0x0000000713a00000|  0%| F|  |TAMS 0x0000000713800000| PB 0x0000000713800000| Untracked 
|  81|0x0000000713a00000, 0x0000000713a00000, 0x0000000713c00000|  0%| F|  |TAMS 0x0000000713a00000| PB 0x0000000713a00000| Untracked 
|  82|0x0000000713c00000, 0x0000000713c00000, 0x0000000713e00000|  0%| F|  |TAMS 0x0000000713c00000| PB 0x0000000713c00000| Untracked 
|  83|0x0000000713e00000, 0x0000000713e00000, 0x0000000714000000|  0%| F|  |TAMS 0x0000000713e00000| PB 0x0000000713e00000| Untracked 
|  84|0x0000000714000000, 0x0000000714000000, 0x0000000714200000|  0%| F|  |TAMS 0x0000000714000000| PB 0x0000000714000000| Untracked 
|  85|0x0000000714200000, 0x0000000714200000, 0x0000000714400000|  0%| F|  |TAMS 0x0000000714200000| PB 0x0000000714200000| Untracked 
|  86|0x0000000714400000, 0x0000000714400000, 0x0000000714600000|  0%| F|  |TAMS 0x0000000714400000| PB 0x0000000714400000| Untracked 
|  87|0x0000000714600000, 0x0000000714600000, 0x0000000714800000|  0%| F|  |TAMS 0x0000000714600000| PB 0x0000000714600000| Untracked 
|  88|0x0000000714800000, 0x0000000714800000, 0x0000000714a00000|  0%| F|  |TAMS 0x0000000714800000| PB 0x0000000714800000| Untracked 
|  89|0x0000000714a00000, 0x0000000714a00000, 0x0000000714c00000|  0%| F|  |TAMS 0x0000000714a00000| PB 0x0000000714a00000| Untracked 
|  90|0x0000000714c00000, 0x0000000714c00000, 0x0000000714e00000|  0%| F|  |TAMS 0x0000000714c00000| PB 0x0000000714c00000| Untracked 
|  91|0x0000000714e00000, 0x0000000715000000, 0x0000000715000000|100%| S|CS|TAMS 0x0000000714e00000| PB 0x0000000714e00000| Complete 
|  92|0x0000000715000000, 0x0000000715200000, 0x0000000715200000|100%| S|CS|TAMS 0x0000000715000000| PB 0x0000000715000000| Complete 
|  93|0x0000000715200000, 0x0000000715400000, 0x0000000715400000|100%| S|CS|TAMS 0x0000000715200000| PB 0x0000000715200000| Complete 
|  94|0x0000000715400000, 0x0000000715600000, 0x0000000715600000|100%| S|CS|TAMS 0x0000000715400000| PB 0x0000000715400000| Complete 
|  95|0x0000000715600000, 0x0000000715800000, 0x0000000715800000|100%| S|CS|TAMS 0x0000000715600000| PB 0x0000000715600000| Complete 
|  96|0x0000000715800000, 0x0000000715a00000, 0x0000000715a00000|100%| S|CS|TAMS 0x0000000715800000| PB 0x0000000715800000| Complete 
|  97|0x0000000715a00000, 0x0000000715c00000, 0x0000000715c00000|100%| S|CS|TAMS 0x0000000715a00000| PB 0x0000000715a00000| Complete 
|  98|0x0000000715c00000, 0x0000000715e00000, 0x0000000715e00000|100%| S|CS|TAMS 0x0000000715c00000| PB 0x0000000715c00000| Complete 
|  99|0x0000000715e00000, 0x0000000716000000, 0x0000000716000000|100%| S|CS|TAMS 0x0000000715e00000| PB 0x0000000715e00000| Complete 
| 100|0x0000000716000000, 0x0000000716200000, 0x0000000716200000|100%| S|CS|TAMS 0x0000000716000000| PB 0x0000000716000000| Complete 
| 101|0x0000000716200000, 0x0000000716400000, 0x0000000716400000|100%| S|CS|TAMS 0x0000000716200000| PB 0x0000000716200000| Complete 
| 102|0x0000000716400000, 0x0000000716600000, 0x0000000716600000|100%| S|CS|TAMS 0x0000000716400000| PB 0x0000000716400000| Complete 
| 103|0x0000000716600000, 0x0000000716800000, 0x0000000716800000|100%| S|CS|TAMS 0x0000000716600000| PB 0x0000000716600000| Complete 
| 104|0x0000000716800000, 0x0000000716a00000, 0x0000000716a00000|100%| S|CS|TAMS 0x0000000716800000| PB 0x0000000716800000| Complete 
| 105|0x0000000716a00000, 0x0000000716c00000, 0x0000000716c00000|100%| S|CS|TAMS 0x0000000716a00000| PB 0x0000000716a00000| Complete 
| 106|0x0000000716c00000, 0x0000000716e00000, 0x0000000716e00000|100%| S|CS|TAMS 0x0000000716c00000| PB 0x0000000716c00000| Complete 
| 107|0x0000000716e00000, 0x0000000717000000, 0x0000000717000000|100%| S|CS|TAMS 0x0000000716e00000| PB 0x0000000716e00000| Complete 
| 108|0x0000000717000000, 0x0000000717200000, 0x0000000717200000|100%| S|CS|TAMS 0x0000000717000000| PB 0x0000000717000000| Complete 
| 109|0x0000000717200000, 0x0000000717400000, 0x0000000717400000|100%| S|CS|TAMS 0x0000000717200000| PB 0x0000000717200000| Complete 
| 110|0x0000000717400000, 0x0000000717400000, 0x0000000717600000|  0%| F|  |TAMS 0x0000000717400000| PB 0x0000000717400000| Untracked 
| 111|0x0000000717600000, 0x0000000717600000, 0x0000000717800000|  0%| F|  |TAMS 0x0000000717600000| PB 0x0000000717600000| Untracked 
| 112|0x0000000717800000, 0x0000000717800000, 0x0000000717a00000|  0%| F|  |TAMS 0x0000000717800000| PB 0x0000000717800000| Untracked 
| 113|0x0000000717a00000, 0x0000000717a00000, 0x0000000717c00000|  0%| F|  |TAMS 0x0000000717a00000| PB 0x0000000717a00000| Untracked 
| 114|0x0000000717c00000, 0x0000000717c00000, 0x0000000717e00000|  0%| F|  |TAMS 0x0000000717c00000| PB 0x0000000717c00000| Untracked 
| 115|0x0000000717e00000, 0x0000000717e00000, 0x0000000718000000|  0%| F|  |TAMS 0x0000000717e00000| PB 0x0000000717e00000| Untracked 
| 116|0x0000000718000000, 0x0000000718000000, 0x0000000718200000|  0%| F|  |TAMS 0x0000000718000000| PB 0x0000000718000000| Untracked 
| 117|0x0000000718200000, 0x0000000718200000, 0x0000000718400000|  0%| F|  |TAMS 0x0000000718200000| PB 0x0000000718200000| Untracked 
| 118|0x0000000718400000, 0x0000000718400000, 0x0000000718600000|  0%| F|  |TAMS 0x0000000718400000| PB 0x0000000718400000| Untracked 
| 119|0x0000000718600000, 0x0000000718600000, 0x0000000718800000|  0%| F|  |TAMS 0x0000000718600000| PB 0x0000000718600000| Untracked 
| 120|0x0000000718800000, 0x0000000718900800, 0x0000000718a00000| 50%| E|  |TAMS 0x0000000718800000| PB 0x0000000718800000| Complete 
| 121|0x0000000718a00000, 0x0000000718c00000, 0x0000000718c00000|100%| E|CS|TAMS 0x0000000718a00000| PB 0x0000000718a00000| Complete 
| 122|0x0000000718c00000, 0x0000000718e00000, 0x0000000718e00000|100%| E|CS|TAMS 0x0000000718c00000| PB 0x0000000718c00000| Complete 
| 123|0x0000000718e00000, 0x0000000719000000, 0x0000000719000000|100%| E|CS|TAMS 0x0000000718e00000| PB 0x0000000718e00000| Complete 
| 124|0x0000000719000000, 0x0000000719200000, 0x0000000719200000|100%| E|CS|TAMS 0x0000000719000000| PB 0x0000000719000000| Complete 
| 125|0x0000000719200000, 0x0000000719400000, 0x0000000719400000|100%| E|CS|TAMS 0x0000000719200000| PB 0x0000000719200000| Complete 
| 126|0x0000000719400000, 0x0000000719600000, 0x0000000719600000|100%| E|CS|TAMS 0x0000000719400000| PB 0x0000000719400000| Complete 
| 127|0x0000000719600000, 0x0000000719800000, 0x0000000719800000|100%| E|CS|TAMS 0x0000000719600000| PB 0x0000000719600000| Complete 
| 128|0x0000000719800000, 0x0000000719a00000, 0x0000000719a00000|100%| E|CS|TAMS 0x0000000719800000| PB 0x0000000719800000| Complete 
| 129|0x0000000719a00000, 0x0000000719c00000, 0x0000000719c00000|100%| E|CS|TAMS 0x0000000719a00000| PB 0x0000000719a00000| Complete 
| 130|0x0000000719c00000, 0x0000000719e00000, 0x0000000719e00000|100%| E|CS|TAMS 0x0000000719c00000| PB 0x0000000719c00000| Complete 
| 131|0x0000000719e00000, 0x000000071a000000, 0x000000071a000000|100%| E|CS|TAMS 0x0000000719e00000| PB 0x0000000719e00000| Complete 
| 132|0x000000071a000000, 0x000000071a200000, 0x000000071a200000|100%| E|CS|TAMS 0x000000071a000000| PB 0x000000071a000000| Complete 
| 133|0x000000071a200000, 0x000000071a400000, 0x000000071a400000|100%| E|CS|TAMS 0x000000071a200000| PB 0x000000071a200000| Complete 
| 134|0x000000071a400000, 0x000000071a600000, 0x000000071a600000|100%| E|CS|TAMS 0x000000071a400000| PB 0x000000071a400000| Complete 
| 135|0x000000071a600000, 0x000000071a800000, 0x000000071a800000|100%| E|CS|TAMS 0x000000071a600000| PB 0x000000071a600000| Complete 
| 136|0x000000071a800000, 0x000000071aa00000, 0x000000071aa00000|100%| E|CS|TAMS 0x000000071a800000| PB 0x000000071a800000| Complete 
| 137|0x000000071aa00000, 0x000000071ac00000, 0x000000071ac00000|100%| E|CS|TAMS 0x000000071aa00000| PB 0x000000071aa00000| Complete 
| 138|0x000000071ac00000, 0x000000071ae00000, 0x000000071ae00000|100%| E|CS|TAMS 0x000000071ac00000| PB 0x000000071ac00000| Complete 
| 139|0x000000071ae00000, 0x000000071b000000, 0x000000071b000000|100%| E|CS|TAMS 0x000000071ae00000| PB 0x000000071ae00000| Complete 
| 140|0x000000071b000000, 0x000000071b200000, 0x000000071b200000|100%| E|CS|TAMS 0x000000071b000000| PB 0x000000071b000000| Complete 
| 141|0x000000071b200000, 0x000000071b400000, 0x000000071b400000|100%| E|CS|TAMS 0x000000071b200000| PB 0x000000071b200000| Complete 
| 142|0x000000071b400000, 0x000000071b600000, 0x000000071b600000|100%| E|CS|TAMS 0x000000071b400000| PB 0x000000071b400000| Complete 
| 143|0x000000071b600000, 0x000000071b800000, 0x000000071b800000|100%| E|CS|TAMS 0x000000071b600000| PB 0x000000071b600000| Complete 
| 144|0x000000071b800000, 0x000000071ba00000, 0x000000071ba00000|100%| E|CS|TAMS 0x000000071b800000| PB 0x000000071b800000| Complete 
| 145|0x000000071ba00000, 0x000000071bc00000, 0x000000071bc00000|100%| E|CS|TAMS 0x000000071ba00000| PB 0x000000071ba00000| Complete 
| 146|0x000000071bc00000, 0x000000071be00000, 0x000000071be00000|100%| E|CS|TAMS 0x000000071bc00000| PB 0x000000071bc00000| Complete 
| 147|0x000000071be00000, 0x000000071c000000, 0x000000071c000000|100%| E|CS|TAMS 0x000000071be00000| PB 0x000000071be00000| Complete 
| 148|0x000000071c000000, 0x000000071c200000, 0x000000071c200000|100%| E|CS|TAMS 0x000000071c000000| PB 0x000000071c000000| Complete 
| 149|0x000000071c200000, 0x000000071c400000, 0x000000071c400000|100%| E|CS|TAMS 0x000000071c200000| PB 0x000000071c200000| Complete 
| 150|0x000000071c400000, 0x000000071c600000, 0x000000071c600000|100%| E|CS|TAMS 0x000000071c400000| PB 0x000000071c400000| Complete 
| 151|0x000000071c600000, 0x000000071c800000, 0x000000071c800000|100%| E|CS|TAMS 0x000000071c600000| PB 0x000000071c600000| Complete 
| 152|0x000000071c800000, 0x000000071ca00000, 0x000000071ca00000|100%| E|CS|TAMS 0x000000071c800000| PB 0x000000071c800000| Complete 
| 153|0x000000071ca00000, 0x000000071cc00000, 0x000000071cc00000|100%| E|CS|TAMS 0x000000071ca00000| PB 0x000000071ca00000| Complete 
| 154|0x000000071cc00000, 0x000000071ce00000, 0x000000071ce00000|100%| E|CS|TAMS 0x000000071cc00000| PB 0x000000071cc00000| Complete 
| 155|0x000000071ce00000, 0x000000071d000000, 0x000000071d000000|100%| E|CS|TAMS 0x000000071ce00000| PB 0x000000071ce00000| Complete 
| 156|0x000000071d000000, 0x000000071d200000, 0x000000071d200000|100%| E|CS|TAMS 0x000000071d000000| PB 0x000000071d000000| Complete 
| 157|0x000000071d200000, 0x000000071d400000, 0x000000071d400000|100%| E|CS|TAMS 0x000000071d200000| PB 0x000000071d200000| Complete 
| 158|0x000000071d400000, 0x000000071d600000, 0x000000071d600000|100%| E|CS|TAMS 0x000000071d400000| PB 0x000000071d400000| Complete 
| 159|0x000000071d600000, 0x000000071d800000, 0x000000071d800000|100%| E|CS|TAMS 0x000000071d600000| PB 0x000000071d600000| Complete 
| 160|0x000000071d800000, 0x000000071da00000, 0x000000071da00000|100%| E|CS|TAMS 0x000000071d800000| PB 0x000000071d800000| Complete 
| 161|0x000000071da00000, 0x000000071dc00000, 0x000000071dc00000|100%| E|CS|TAMS 0x000000071da00000| PB 0x000000071da00000| Complete 
| 162|0x000000071dc00000, 0x000000071de00000, 0x000000071de00000|100%| E|CS|TAMS 0x000000071dc00000| PB 0x000000071dc00000| Complete 
| 163|0x000000071de00000, 0x000000071e000000, 0x000000071e000000|100%| E|CS|TAMS 0x000000071de00000| PB 0x000000071de00000| Complete 
| 164|0x000000071e000000, 0x000000071e200000, 0x000000071e200000|100%| E|CS|TAMS 0x000000071e000000| PB 0x000000071e000000| Complete 
| 165|0x000000071e200000, 0x000000071e400000, 0x000000071e400000|100%| E|CS|TAMS 0x000000071e200000| PB 0x000000071e200000| Complete 
| 166|0x000000071e400000, 0x000000071e600000, 0x000000071e600000|100%| E|CS|TAMS 0x000000071e400000| PB 0x000000071e400000| Complete 
| 167|0x000000071e600000, 0x000000071e800000, 0x000000071e800000|100%| E|CS|TAMS 0x000000071e600000| PB 0x000000071e600000| Complete 
| 168|0x000000071e800000, 0x000000071ea00000, 0x000000071ea00000|100%| E|CS|TAMS 0x000000071e800000| PB 0x000000071e800000| Complete 
| 169|0x000000071ea00000, 0x000000071ec00000, 0x000000071ec00000|100%| E|CS|TAMS 0x000000071ea00000| PB 0x000000071ea00000| Complete 
| 170|0x000000071ec00000, 0x000000071ee00000, 0x000000071ee00000|100%| E|CS|TAMS 0x000000071ec00000| PB 0x000000071ec00000| Complete 
| 171|0x000000071ee00000, 0x000000071f000000, 0x000000071f000000|100%| E|CS|TAMS 0x000000071ee00000| PB 0x000000071ee00000| Complete 
| 172|0x000000071f000000, 0x000000071f200000, 0x000000071f200000|100%| E|CS|TAMS 0x000000071f000000| PB 0x000000071f000000| Complete 
| 173|0x000000071f200000, 0x000000071f400000, 0x000000071f400000|100%| E|CS|TAMS 0x000000071f200000| PB 0x000000071f200000| Complete 
| 174|0x000000071f400000, 0x000000071f600000, 0x000000071f600000|100%| E|CS|TAMS 0x000000071f400000| PB 0x000000071f400000| Complete 
| 175|0x000000071f600000, 0x000000071f800000, 0x000000071f800000|100%| E|CS|TAMS 0x000000071f600000| PB 0x000000071f600000| Complete 
| 176|0x000000071f800000, 0x000000071fa00000, 0x000000071fa00000|100%| E|CS|TAMS 0x000000071f800000| PB 0x000000071f800000| Complete 
| 177|0x000000071fa00000, 0x000000071fc00000, 0x000000071fc00000|100%| E|CS|TAMS 0x000000071fa00000| PB 0x000000071fa00000| Complete 
| 178|0x000000071fc00000, 0x000000071fe00000, 0x000000071fe00000|100%| E|CS|TAMS 0x000000071fc00000| PB 0x000000071fc00000| Complete 
| 179|0x000000071fe00000, 0x0000000720000000, 0x0000000720000000|100%| E|CS|TAMS 0x000000071fe00000| PB 0x000000071fe00000| Complete 
| 180|0x0000000720000000, 0x0000000720200000, 0x0000000720200000|100%| E|CS|TAMS 0x0000000720000000| PB 0x0000000720000000| Complete 
| 181|0x0000000720200000, 0x0000000720400000, 0x0000000720400000|100%| E|CS|TAMS 0x0000000720200000| PB 0x0000000720200000| Complete 
| 182|0x0000000720400000, 0x0000000720600000, 0x0000000720600000|100%| E|CS|TAMS 0x0000000720400000| PB 0x0000000720400000| Complete 
| 183|0x0000000720600000, 0x0000000720800000, 0x0000000720800000|100%| E|CS|TAMS 0x0000000720600000| PB 0x0000000720600000| Complete 
| 184|0x0000000720800000, 0x0000000720a00000, 0x0000000720a00000|100%| E|CS|TAMS 0x0000000720800000| PB 0x0000000720800000| Complete 
| 185|0x0000000720a00000, 0x0000000720c00000, 0x0000000720c00000|100%| E|CS|TAMS 0x0000000720a00000| PB 0x0000000720a00000| Complete 
| 186|0x0000000720c00000, 0x0000000720e00000, 0x0000000720e00000|100%| E|CS|TAMS 0x0000000720c00000| PB 0x0000000720c00000| Complete 
| 187|0x0000000720e00000, 0x0000000721000000, 0x0000000721000000|100%| E|CS|TAMS 0x0000000720e00000| PB 0x0000000720e00000| Complete 
| 188|0x0000000721000000, 0x0000000721200000, 0x0000000721200000|100%| E|CS|TAMS 0x0000000721000000| PB 0x0000000721000000| Complete 
| 189|0x0000000721200000, 0x0000000721400000, 0x0000000721400000|100%| E|CS|TAMS 0x0000000721200000| PB 0x0000000721200000| Complete 
| 190|0x0000000721400000, 0x0000000721600000, 0x0000000721600000|100%| E|CS|TAMS 0x0000000721400000| PB 0x0000000721400000| Complete 
| 191|0x0000000721600000, 0x0000000721800000, 0x0000000721800000|100%| E|CS|TAMS 0x0000000721600000| PB 0x0000000721600000| Complete 
| 192|0x0000000721800000, 0x0000000721a00000, 0x0000000721a00000|100%| E|CS|TAMS 0x0000000721800000| PB 0x0000000721800000| Complete 
| 193|0x0000000721a00000, 0x0000000721c00000, 0x0000000721c00000|100%| E|CS|TAMS 0x0000000721a00000| PB 0x0000000721a00000| Complete 
| 194|0x0000000721c00000, 0x0000000721e00000, 0x0000000721e00000|100%| E|CS|TAMS 0x0000000721c00000| PB 0x0000000721c00000| Complete 
| 195|0x0000000721e00000, 0x0000000722000000, 0x0000000722000000|100%| E|CS|TAMS 0x0000000721e00000| PB 0x0000000721e00000| Complete 
| 196|0x0000000722000000, 0x0000000722200000, 0x0000000722200000|100%| E|CS|TAMS 0x0000000722000000| PB 0x0000000722000000| Complete 
| 197|0x0000000722200000, 0x0000000722400000, 0x0000000722400000|100%| E|CS|TAMS 0x0000000722200000| PB 0x0000000722200000| Complete 
| 198|0x0000000722400000, 0x0000000722600000, 0x0000000722600000|100%| E|CS|TAMS 0x0000000722400000| PB 0x0000000722400000| Complete 
| 199|0x0000000722600000, 0x0000000722800000, 0x0000000722800000|100%| E|CS|TAMS 0x0000000722600000| PB 0x0000000722600000| Complete 
| 200|0x0000000722800000, 0x0000000722a00000, 0x0000000722a00000|100%| E|CS|TAMS 0x0000000722800000| PB 0x0000000722800000| Complete 
| 201|0x0000000722a00000, 0x0000000722c00000, 0x0000000722c00000|100%| E|CS|TAMS 0x0000000722a00000| PB 0x0000000722a00000| Complete 
| 202|0x0000000722c00000, 0x0000000722e00000, 0x0000000722e00000|100%| E|CS|TAMS 0x0000000722c00000| PB 0x0000000722c00000| Complete 
| 203|0x0000000722e00000, 0x0000000723000000, 0x0000000723000000|100%| E|CS|TAMS 0x0000000722e00000| PB 0x0000000722e00000| Complete 
| 204|0x0000000723000000, 0x0000000723200000, 0x0000000723200000|100%| E|CS|TAMS 0x0000000723000000| PB 0x0000000723000000| Complete 
| 205|0x0000000723200000, 0x0000000723400000, 0x0000000723400000|100%| E|CS|TAMS 0x0000000723200000| PB 0x0000000723200000| Complete 
| 206|0x0000000723400000, 0x0000000723600000, 0x0000000723600000|100%| E|CS|TAMS 0x0000000723400000| PB 0x0000000723400000| Complete 
| 207|0x0000000723600000, 0x0000000723800000, 0x0000000723800000|100%| E|CS|TAMS 0x0000000723600000| PB 0x0000000723600000| Complete 
| 208|0x0000000723800000, 0x0000000723a00000, 0x0000000723a00000|100%| E|CS|TAMS 0x0000000723800000| PB 0x0000000723800000| Complete 
| 209|0x0000000723a00000, 0x0000000723c00000, 0x0000000723c00000|100%| E|CS|TAMS 0x0000000723a00000| PB 0x0000000723a00000| Complete 
| 210|0x0000000723c00000, 0x0000000723e00000, 0x0000000723e00000|100%| E|CS|TAMS 0x0000000723c00000| PB 0x0000000723c00000| Complete 
| 211|0x0000000723e00000, 0x0000000724000000, 0x0000000724000000|100%| E|CS|TAMS 0x0000000723e00000| PB 0x0000000723e00000| Complete 
| 212|0x0000000724000000, 0x0000000724200000, 0x0000000724200000|100%| E|CS|TAMS 0x0000000724000000| PB 0x0000000724000000| Complete 
| 213|0x0000000724200000, 0x0000000724400000, 0x0000000724400000|100%| E|CS|TAMS 0x0000000724200000| PB 0x0000000724200000| Complete 
| 214|0x0000000724400000, 0x0000000724600000, 0x0000000724600000|100%| E|CS|TAMS 0x0000000724400000| PB 0x0000000724400000| Complete 
| 215|0x0000000724600000, 0x0000000724800000, 0x0000000724800000|100%| E|CS|TAMS 0x0000000724600000| PB 0x0000000724600000| Complete 
| 216|0x0000000724800000, 0x0000000724a00000, 0x0000000724a00000|100%| E|CS|TAMS 0x0000000724800000| PB 0x0000000724800000| Complete 
| 217|0x0000000724a00000, 0x0000000724c00000, 0x0000000724c00000|100%| E|CS|TAMS 0x0000000724a00000| PB 0x0000000724a00000| Complete 
| 218|0x0000000724c00000, 0x0000000724e00000, 0x0000000724e00000|100%| E|CS|TAMS 0x0000000724c00000| PB 0x0000000724c00000| Complete 
| 219|0x0000000724e00000, 0x0000000725000000, 0x0000000725000000|100%| E|CS|TAMS 0x0000000724e00000| PB 0x0000000724e00000| Complete 
| 220|0x0000000725000000, 0x0000000725200000, 0x0000000725200000|100%| E|CS|TAMS 0x0000000725000000| PB 0x0000000725000000| Complete 
| 221|0x0000000725200000, 0x0000000725400000, 0x0000000725400000|100%| E|CS|TAMS 0x0000000725200000| PB 0x0000000725200000| Complete 
| 222|0x0000000725400000, 0x0000000725600000, 0x0000000725600000|100%| E|CS|TAMS 0x0000000725400000| PB 0x0000000725400000| Complete 
| 223|0x0000000725600000, 0x0000000725800000, 0x0000000725800000|100%| E|CS|TAMS 0x0000000725600000| PB 0x0000000725600000| Complete 
| 224|0x0000000725800000, 0x0000000725a00000, 0x0000000725a00000|100%| E|CS|TAMS 0x0000000725800000| PB 0x0000000725800000| Complete 
| 225|0x0000000725a00000, 0x0000000725c00000, 0x0000000725c00000|100%| E|CS|TAMS 0x0000000725a00000| PB 0x0000000725a00000| Complete 
| 226|0x0000000725c00000, 0x0000000725e00000, 0x0000000725e00000|100%| E|CS|TAMS 0x0000000725c00000| PB 0x0000000725c00000| Complete 
| 227|0x0000000725e00000, 0x0000000726000000, 0x0000000726000000|100%| E|CS|TAMS 0x0000000725e00000| PB 0x0000000725e00000| Complete 
| 228|0x0000000726000000, 0x0000000726200000, 0x0000000726200000|100%| E|CS|TAMS 0x0000000726000000| PB 0x0000000726000000| Complete 
| 229|0x0000000726200000, 0x0000000726400000, 0x0000000726400000|100%| E|CS|TAMS 0x0000000726200000| PB 0x0000000726200000| Complete 
| 230|0x0000000726400000, 0x0000000726600000, 0x0000000726600000|100%| E|CS|TAMS 0x0000000726400000| PB 0x0000000726400000| Complete 
| 231|0x0000000726600000, 0x0000000726800000, 0x0000000726800000|100%| E|CS|TAMS 0x0000000726600000| PB 0x0000000726600000| Complete 
| 232|0x0000000726800000, 0x0000000726a00000, 0x0000000726a00000|100%| E|CS|TAMS 0x0000000726800000| PB 0x0000000726800000| Complete 
| 233|0x0000000726a00000, 0x0000000726c00000, 0x0000000726c00000|100%| E|CS|TAMS 0x0000000726a00000| PB 0x0000000726a00000| Complete 
| 234|0x0000000726c00000, 0x0000000726e00000, 0x0000000726e00000|100%| E|CS|TAMS 0x0000000726c00000| PB 0x0000000726c00000| Complete 
| 235|0x0000000726e00000, 0x0000000727000000, 0x0000000727000000|100%| E|CS|TAMS 0x0000000726e00000| PB 0x0000000726e00000| Complete 
| 236|0x0000000727000000, 0x0000000727200000, 0x0000000727200000|100%| E|CS|TAMS 0x0000000727000000| PB 0x0000000727000000| Complete 
| 237|0x0000000727200000, 0x0000000727400000, 0x0000000727400000|100%| E|CS|TAMS 0x0000000727200000| PB 0x0000000727200000| Complete 
| 238|0x0000000727400000, 0x0000000727600000, 0x0000000727600000|100%| E|CS|TAMS 0x0000000727400000| PB 0x0000000727400000| Complete 
| 239|0x0000000727600000, 0x0000000727800000, 0x0000000727800000|100%| E|CS|TAMS 0x0000000727600000| PB 0x0000000727600000| Complete 
| 240|0x0000000727800000, 0x0000000727a00000, 0x0000000727a00000|100%| E|CS|TAMS 0x0000000727800000| PB 0x0000000727800000| Complete 
| 241|0x0000000727a00000, 0x0000000727c00000, 0x0000000727c00000|100%| E|CS|TAMS 0x0000000727a00000| PB 0x0000000727a00000| Complete 
| 242|0x0000000727c00000, 0x0000000727e00000, 0x0000000727e00000|100%| E|CS|TAMS 0x0000000727c00000| PB 0x0000000727c00000| Complete 
| 243|0x0000000727e00000, 0x0000000728000000, 0x0000000728000000|100%| E|CS|TAMS 0x0000000727e00000| PB 0x0000000727e00000| Complete 
| 244|0x0000000728000000, 0x0000000728200000, 0x0000000728200000|100%| E|CS|TAMS 0x0000000728000000| PB 0x0000000728000000| Complete 
| 245|0x0000000728200000, 0x0000000728400000, 0x0000000728400000|100%| E|CS|TAMS 0x0000000728200000| PB 0x0000000728200000| Complete 
| 246|0x0000000728400000, 0x0000000728600000, 0x0000000728600000|100%| E|CS|TAMS 0x0000000728400000| PB 0x0000000728400000| Complete 

Card table byte_map: [0x000002277b110000,0x000002277b8d0000] _byte_map_base: 0x00000227778c4000

Marking Bits: (CMBitMap*) 0x000002277206eae0
 Bits: [0x000002277c090000, 0x000002277fe30000)

Polling page: 0x0000022771780000

Metaspace:

Usage:
  Non-class:      6.66 MB used.
      Class:    526.95 KB used.
       Both:      7.17 MB used.

Virtual space:
  Non-class space:       64.00 MB reserved,       6.75 MB ( 11%) committed,  1 nodes.
      Class space:        1.00 GB reserved,     640.00 KB ( <1%) committed,  1 nodes.
             Both:        1.06 GB reserved,       7.38 MB ( <1%) committed. 

Chunk freelists:
   Non-Class:  416.00 KB
       Class:  3.23 MB
        Both:  3.64 MB

MaxMetaspaceSize: unlimited
CompressedClassSpaceSize: 1.00 GB
Initial GC threshold: 21.00 MB
Current GC threshold: 21.00 MB
CDS: on
MetaspaceReclaimPolicy: balanced
 - commit_granule_bytes: 65536.
 - commit_granule_words: 8192.
 - virtual_space_node_default_size: 8388608.
 - enlarge_chunks_in_place: 1.
 - new_chunks_are_fully_committed: 0.
 - uncommit_free_chunks: 1.
 - use_allocation_guard: 0.


Internal statistics:

num_allocs_failed_limit: 0.
num_arena_births: 140.
num_arena_deaths: 0.
num_vsnodes_births: 2.
num_vsnodes_deaths: 0.
num_space_committed: 116.
num_space_uncommitted: 0.
num_chunks_returned_to_freelist: 0.
num_chunks_taken_from_freelist: 265.
num_chunk_merges: 0.
num_chunk_splits: 167.
num_chunks_enlarged: 96.
num_inconsistent_stats: 0.

CodeHeap 'non-profiled nmethods': size=119168Kb used=667Kb max_used=667Kb free=118500Kb
 bounds [0x0000022707ba0000, 0x0000022707e10000, 0x000002270f000000]
CodeHeap 'profiled nmethods': size=119104Kb used=2070Kb max_used=2070Kb free=117033Kb
 bounds [0x0000022700000000, 0x0000022700270000, 0x0000022707450000]
CodeHeap 'non-nmethods': size=7488Kb used=2826Kb max_used=3424Kb free=4661Kb
 bounds [0x0000022707450000, 0x00000227077b0000, 0x0000022707ba0000]
 total_blobs=2415 nmethods=1254 adapters=1071
 compilation: enabled
              stopped_count=0, restarted_count=0
 full_count=0

Compilation events (20 events):
Event: 3.183 Thread 0x0000022711c9be00 1250       4       java.util.Random::next (47 bytes)
Event: 3.183 Thread 0x0000022717ba26a0 nmethod 1244 0x0000022700202810 code [0x00000227002029c0, 0x0000022700202d10]
Event: 3.183 Thread 0x0000022711c9c780 nmethod 1245 0x0000022700202e90 code [0x0000022700203080, 0x0000022700203670]
Event: 3.183 Thread 0x0000022717ba26a0 1246       3       obj.Object3D::<init> (40 bytes)
Event: 3.183 Thread 0x0000022711c9c780 1248       3       org.lwjgl.system.MemoryUtil::memAllocFloat (19 bytes)
Event: 3.183 Thread 0x0000022717ba26a0 nmethod 1246 0x0000022700203890 code [0x0000022700203a20, 0x0000022700203bb8]
Event: 3.183 Thread 0x0000022711c9c780 nmethod 1248 0x0000022700203c90 code [0x0000022700203e40, 0x00000227002040c0]
Event: 3.183 Thread 0x0000022717ba26a0 1249       3       org.lwjgl.system.MemoryUtil::getAllocationSize (26 bytes)
Event: 3.183 Thread 0x0000022711c9c780 1247       3       org.lwjgl.util.vector.Vector3f::<init> (5 bytes)
Event: 3.183 Thread 0x0000022711c9c780 nmethod 1247 0x0000022700204190 code [0x0000022700204320, 0x00000227002044e8]
Event: 3.183 Thread 0x0000022711c9c780 1251       3       obj.ObjtCene::SimulaSe (82 bytes)
Event: 3.183 Thread 0x0000022717ba26a0 nmethod 1249 0x0000022700204610 code [0x00000227002047a0, 0x0000022700204960]
Event: 3.183 Thread 0x0000022717ba26a0 1252       3       obj.Object3D::SimulaSe (1 bytes)
Event: 3.183 Thread 0x0000022711c9c780 nmethod 1251 0x0000022700204a10 code [0x0000022700204be0, 0x0000022700204dd0]
Event: 3.183 Thread 0x0000022717ba26a0 nmethod 1252 0x0000022700204e90 code [0x0000022700205020, 0x0000022700205130]
Event: 3.184 Thread 0x0000022711c9be00 nmethod 1250 0x0000022707c46a90 code [0x0000022707c46c00, 0x0000022707c46cf8]
Event: 3.193 Thread 0x0000022717ba26a0 1253       3       java.util.concurrent.ConcurrentHashMap$BaseIterator::<init> (21 bytes)
Event: 3.193 Thread 0x0000022711c9c780 1254       3       java.util.concurrent.ConcurrentHashMap$Traverser::<init> (36 bytes)
Event: 3.193 Thread 0x0000022717ba26a0 nmethod 1253 0x0000022700205210 code [0x00000227002053c0, 0x0000022700205598]
Event: 3.193 Thread 0x0000022711c9c780 nmethod 1254 0x0000022700205690 code [0x0000022700205820, 0x0000022700205a30]

GC Heap History (20 events):
Event: 0.913 GC heap before
{Heap before GC invocations=1 (full 0):
 garbage-first heap   total 253952K, used 45721K [0x0000000709800000, 0x0000000800000000)
  region size 2048K, 19 young (38912K), 2 survivors (4096K)
 Metaspace       used 7067K, committed 7232K, reserved 1114112K
  class space    used 520K, committed 576K, reserved 1048576K
}
Event: 0.916 GC heap after
{Heap after GC invocations=2 (full 0):
 garbage-first heap   total 253952K, used 11617K [0x0000000709800000, 0x0000000800000000)
  region size 2048K, 2 young (4096K), 2 survivors (4096K)
 Metaspace       used 7067K, committed 7232K, reserved 1114112K
  class space    used 520K, committed 576K, reserved 1048576K
}
Event: 1.114 GC heap before
{Heap before GC invocations=2 (full 0):
 garbage-first heap   total 253952K, used 159073K [0x0000000709800000, 0x0000000800000000)
  region size 2048K, 74 young (151552K), 2 survivors (4096K)
 Metaspace       used 7116K, committed 7296K, reserved 1114112K
  class space    used 521K, committed 576K, reserved 1048576K
}
Event: 1.120 GC heap after
{Heap after GC invocations=3 (full 0):
 garbage-first heap   total 253952K, used 17920K [0x0000000709800000, 0x0000000800000000)
  region size 2048K, 5 young (10240K), 5 survivors (10240K)
 Metaspace       used 7116K, committed 7296K, reserved 1114112K
  class space    used 521K, committed 576K, reserved 1048576K
}
Event: 1.242 GC heap before
{Heap before GC invocations=3 (full 0):
 garbage-first heap   total 253952K, used 159232K [0x0000000709800000, 0x0000000800000000)
  region size 2048K, 74 young (151552K), 5 survivors (10240K)
 Metaspace       used 7116K, committed 7296K, reserved 1114112K
  class space    used 521K, committed 576K, reserved 1048576K
}
Event: 1.248 GC heap after
{Heap after GC invocations=4 (full 0):
 garbage-first heap   total 253952K, used 23321K [0x0000000709800000, 0x0000000800000000)
  region size 2048K, 8 young (16384K), 8 survivors (16384K)
 Metaspace       used 7116K, committed 7296K, reserved 1114112K
  class space    used 521K, committed 576K, reserved 1048576K
}
Event: 1.362 GC heap before
{Heap before GC invocations=4 (full 0):
 garbage-first heap   total 253952K, used 158489K [0x0000000709800000, 0x0000000800000000)
  region size 2048K, 74 young (151552K), 8 survivors (16384K)
 Metaspace       used 7116K, committed 7296K, reserved 1114112K
  class space    used 521K, committed 576K, reserved 1048576K
}
Event: 1.371 GC heap after
{Heap after GC invocations=5 (full 0):
 garbage-first heap   total 253952K, used 29317K [0x0000000709800000, 0x0000000800000000)
  region size 2048K, 6 young (12288K), 6 survivors (12288K)
 Metaspace       used 7116K, committed 7296K, reserved 1114112K
  class space    used 521K, committed 576K, reserved 1048576K
}
Event: 1.494 GC heap before
{Heap before GC invocations=5 (full 0):
 garbage-first heap   total 253952K, used 168581K [0x0000000709800000, 0x0000000800000000)
  region size 2048K, 74 young (151552K), 6 survivors (12288K)
 Metaspace       used 7116K, committed 7296K, reserved 1114112K
  class space    used 521K, committed 576K, reserved 1048576K
}
Event: 1.503 GC heap after
{Heap after GC invocations=6 (full 0):
 garbage-first heap   total 382976K, used 34178K [0x0000000709800000, 0x0000000800000000)
  region size 2048K, 6 young (12288K), 6 survivors (12288K)
 Metaspace       used 7116K, committed 7296K, reserved 1114112K
  class space    used 521K, committed 576K, reserved 1048576K
}
Event: 1.744 GC heap before
{Heap before GC invocations=6 (full 0):
 garbage-first heap   total 382976K, used 253314K [0x0000000709800000, 0x0000000800000000)
  region size 2048K, 112 young (229376K), 6 survivors (12288K)
 Metaspace       used 7116K, committed 7296K, reserved 1114112K
  class space    used 521K, committed 576K, reserved 1048576K
}
Event: 1.750 GC heap after
{Heap after GC invocations=7 (full 0):
 garbage-first heap   total 382976K, used 39463K [0x0000000709800000, 0x0000000800000000)
  region size 2048K, 8 young (16384K), 8 survivors (16384K)
 Metaspace       used 7116K, committed 7296K, reserved 1114112K
  class space    used 521K, committed 576K, reserved 1048576K
}
Event: 1.963 GC heap before
{Heap before GC invocations=7 (full 0):
 garbage-first heap   total 382976K, used 254503K [0x0000000709800000, 0x0000000800000000)
  region size 2048K, 112 young (229376K), 8 survivors (16384K)
 Metaspace       used 7116K, committed 7296K, reserved 1114112K
  class space    used 521K, committed 576K, reserved 1048576K
}
Event: 1.970 GC heap after
{Heap after GC invocations=8 (full 0):
 garbage-first heap   total 382976K, used 45479K [0x0000000709800000, 0x0000000800000000)
  region size 2048K, 7 young (14336K), 7 survivors (14336K)
 Metaspace       used 7116K, committed 7296K, reserved 1114112K
  class space    used 521K, committed 576K, reserved 1048576K
}
Event: 2.166 GC heap before
{Heap before GC invocations=8 (full 0):
 garbage-first heap   total 382976K, used 264615K [0x0000000709800000, 0x0000000800000000)
  region size 2048K, 112 young (229376K), 7 survivors (14336K)
 Metaspace       used 7116K, committed 7296K, reserved 1114112K
  class space    used 521K, committed 576K, reserved 1048576K
}
Event: 2.174 GC heap after
{Heap after GC invocations=9 (full 0):
 garbage-first heap   total 382976K, used 54826K [0x0000000709800000, 0x0000000800000000)
  region size 2048K, 10 young (20480K), 10 survivors (20480K)
 Metaspace       used 7116K, committed 7296K, reserved 1114112K
  class space    used 521K, committed 576K, reserved 1048576K
}
Event: 2.345 GC heap before
{Heap before GC invocations=9 (full 0):
 garbage-first heap   total 382976K, used 265770K [0x0000000709800000, 0x0000000800000000)
  region size 2048K, 112 young (229376K), 10 survivors (20480K)
 Metaspace       used 7116K, committed 7296K, reserved 1114112K
  class space    used 521K, committed 576K, reserved 1048576K
}
Event: 2.356 GC heap after
{Heap after GC invocations=10 (full 0):
 garbage-first heap   total 505856K, used 63765K [0x0000000709800000, 0x0000000800000000)
  region size 2048K, 11 young (22528K), 11 survivors (22528K)
 Metaspace       used 7116K, committed 7296K, reserved 1114112K
  class space    used 521K, committed 576K, reserved 1048576K
}
Event: 2.553 GC heap before
{Heap before GC invocations=10 (full 0):
 garbage-first heap   total 505856K, used 346389K [0x0000000709800000, 0x0000000800000000)
  region size 2048K, 148 young (303104K), 11 survivors (22528K)
 Metaspace       used 7116K, committed 7296K, reserved 1114112K
  class space    used 521K, committed 576K, reserved 1048576K
}
Event: 2.569 GC heap after
{Heap after GC invocations=11 (full 0):
 garbage-first heap   total 505856K, used 85286K [0x0000000709800000, 0x0000000800000000)
  region size 2048K, 19 young (38912K), 19 survivors (38912K)
 Metaspace       used 7116K, committed 7296K, reserved 1114112K
  class space    used 521K, committed 576K, reserved 1048576K
}

Dll operation events (11 events):
Event: 0.007 Loaded shared library C:\Program Files\Java\jdk-20\bin\java.dll
Event: 0.015 Loaded shared library C:\Program Files\Java\jdk-20\bin\jsvml.dll
Event: 0.068 Loaded shared library C:\Program Files\Java\jdk-20\bin\net.dll
Event: 0.070 Loaded shared library C:\Program Files\Java\jdk-20\bin\nio.dll
Event: 0.076 Loaded shared library C:\Program Files\Java\jdk-20\bin\zip.dll
Event: 0.092 Loaded shared library C:\Program Files\Java\jdk-20\bin\verify.dll
Event: 0.136 Loaded shared library C:\Program Files\Java\jdk-20\bin\jimage.dll
Event: 0.158 Loaded shared library C:\Users\Denni\AppData\Local\Temp\lwjgl_Denni\3.3.3+5\x64\lwjgl.dll
Event: 0.503 Loaded shared library C:\Users\Denni\AppData\Local\Temp\lwjgl_Denni\3.3.3+5\x64\lwjgl_opengl.dll
Event: 0.557 Loaded shared library C:\Program Files\Java\jdk-20\bin\awt.dll
Event: 0.638 Loaded shared library C:\Program Files\Java\jdk-20\bin\javajpeg.dll

Deoptimization events (20 events):
Event: 3.100 Thread 0x0000022771ffe770 Uncommon trap: trap_request=0xffffff45 fr.pc=0x0000022707bf9050 relative=0x0000000000000150
Event: 3.100 Thread 0x0000022771ffe770 Uncommon trap: reason=unstable_if action=reinterpret pc=0x0000022707bf9050 method=java.util.concurrent.locks.ReentrantLock$NonfairSync.initialTryLock()Z @ 10 c2
Event: 3.100 Thread 0x0000022771ffe770 DEOPT PACKING pc=0x0000022707bf9050 sp=0x000000403d0fedc0
Event: 3.100 Thread 0x0000022771ffe770 DEOPT UNPACKING pc=0x00000227074b9d22 sp=0x000000403d0fed68 mode 2
Event: 3.103 Thread 0x0000022771ffe770 Uncommon trap: trap_request=0xffffff45 fr.pc=0x0000022707c1ebe0 relative=0x0000000000000140
Event: 3.103 Thread 0x0000022771ffe770 Uncommon trap: reason=unstable_if action=reinterpret pc=0x0000022707c1ebe0 method=java.nio.charset.CharsetDecoder.decode(Ljava/nio/ByteBuffer;Ljava/nio/CharBuffer;Z)Ljava/nio/charset/CoderResult; @ 15 c2
Event: 3.103 Thread 0x0000022771ffe770 DEOPT PACKING pc=0x0000022707c1ebe0 sp=0x000000403d0fed30
Event: 3.103 Thread 0x0000022771ffe770 DEOPT UNPACKING pc=0x00000227074b9d22 sp=0x000000403d0fecb8 mode 2
Event: 3.103 Thread 0x0000022771ffe770 Uncommon trap: trap_request=0xffffffde fr.pc=0x0000022707c0444c relative=0x00000000000005cc
Event: 3.103 Thread 0x0000022771ffe770 Uncommon trap: reason=class_check action=maybe_recompile pc=0x0000022707c0444c method=jdk.internal.math.FloatingDecimal.parseFloat(Ljava/lang/String;)F @ 4 c2
Event: 3.103 Thread 0x0000022771ffe770 DEOPT PACKING pc=0x0000022707c0444c sp=0x000000403d0ff130
Event: 3.103 Thread 0x0000022771ffe770 DEOPT UNPACKING pc=0x00000227074b9d22 sp=0x000000403d0ff008 mode 2
Event: 3.103 Thread 0x0000022771ffe770 Uncommon trap: trap_request=0xffffff45 fr.pc=0x0000022707c0ba1c relative=0x000000000000025c
Event: 3.103 Thread 0x0000022771ffe770 Uncommon trap: reason=unstable_if action=reinterpret pc=0x0000022707c0ba1c method=jdk.internal.math.FloatingDecimal$ASCIIToBinaryBuffer.floatValue()F @ 65 c2
Event: 3.103 Thread 0x0000022771ffe770 DEOPT PACKING pc=0x0000022707c0ba1c sp=0x000000403d0ff0e0
Event: 3.103 Thread 0x0000022771ffe770 DEOPT UNPACKING pc=0x00000227074b9d22 sp=0x000000403d0fefb0 mode 2
Event: 3.181 Thread 0x0000022771ffe770 Uncommon trap: trap_request=0xffffff45 fr.pc=0x0000022707c30484 relative=0x00000000000025e4
Event: 3.181 Thread 0x0000022771ffe770 Uncommon trap: reason=unstable_if action=reinterpret pc=0x0000022707c30484 method=obj.ObjModel.load()V @ 1351 c2
Event: 3.181 Thread 0x0000022771ffe770 DEOPT PACKING pc=0x0000022707c30484 sp=0x000000403d0ff1b0
Event: 3.181 Thread 0x0000022771ffe770 DEOPT UNPACKING pc=0x00000227074b9d22 sp=0x000000403d0ff0f0 mode 2

Classes loaded (20 events):
Event: 0.711 Loading class java/awt/GraphicsDevice done
Event: 0.711 Loading class sun/awt/image/BufferedImageDevice done
Event: 0.711 Loading class java/awt/image/MultiResolutionImage
Event: 0.711 Loading class java/awt/image/MultiResolutionImage done
Event: 0.711 Loading class sun/awt/image/ToolkitImage
Event: 0.711 Loading class sun/awt/image/ToolkitImage done
Event: 0.815 Loading class java/io/Reader
Event: 0.815 Loading class java/io/Reader done
Event: 0.815 Loading class java/io/FileReader
Event: 0.815 Loading class java/io/InputStreamReader
Event: 0.815 Loading class java/io/InputStreamReader done
Event: 0.815 Loading class java/io/FileReader done
Event: 0.815 Loading class java/io/BufferedReader
Event: 0.815 Loading class java/io/BufferedReader done
Event: 0.815 Loading class sun/nio/cs/StreamDecoder
Event: 0.815 Loading class sun/nio/cs/StreamDecoder done
Event: 0.834 Loading class java/lang/NumberFormatException
Event: 0.834 Loading class java/lang/NumberFormatException done
Event: 3.103 Loading class jdk/internal/math/FDBigInteger
Event: 3.104 Loading class jdk/internal/math/FDBigInteger done

Classes unloaded (0 events):
No events

Classes redefined (0 events):
No events

Internal exceptions (20 events):
Event: 0.205 Thread 0x0000022771ffe770 Exception <a 'java/lang/NoSuchMethodError'{0x0000000718b36458}: 'int java.lang.invoke.DirectMethodHandle$Holder.invokeStaticInit(java.lang.Object, java.lang.Object, int, long)'> (0x0000000718b36458) 
thrown [s\open\src\hotspot\share\interpreter\linkResolver.cpp, line 773]
Event: 0.206 Thread 0x0000022771ffe770 Exception <a 'java/lang/NoSuchMethodError'{0x0000000718b3ba58}: 'java.lang.Object java.lang.invoke.DirectMethodHandle$Holder.newInvokeSpecial(java.lang.Object, java.lang.Object, int)'> (0x0000000718b3ba58) 
thrown [s\open\src\hotspot\share\interpreter\linkResolver.cpp, line 773]
Event: 0.207 Thread 0x0000022771ffe770 Exception <a 'java/lang/NoSuchMethodError'{0x0000000718b49c60}: 'int java.lang.invoke.DirectMethodHandle$Holder.invokeStaticInit(java.lang.Object, java.lang.Object, long, long)'> (0x0000000718b49c60) 
thrown [s\open\src\hotspot\share\interpreter\linkResolver.cpp, line 773]
Event: 0.208 Thread 0x0000022771ffe770 Exception <a 'java/lang/NoSuchMethodError'{0x0000000718b4faa8}: 'java.lang.Object java.lang.invoke.DirectMethodHandle$Holder.newInvokeSpecial(java.lang.Object, java.lang.Object, long)'> (0x0000000718b4faa8) 
thrown [s\open\src\hotspot\share\interpreter\linkResolver.cpp, line 773]
Event: 0.208 Thread 0x0000022771ffe770 Exception <a 'java/lang/NoSuchMethodError'{0x0000000718b53bb8}: 'java.lang.Object java.lang.invoke.Invokers$Holder.linkToTargetMethod(java.lang.Object, long, java.lang.Object)'> (0x0000000718b53bb8) 
thrown [s\open\src\hotspot\share\interpreter\linkResolver.cpp, line 773]
Event: 0.209 Thread 0x0000022771ffe770 Exception <a 'java/lang/NoSuchMethodError'{0x0000000718b5ac28}: 'int java.lang.invoke.DirectMethodHandle$Holder.invokeStaticInit(java.lang.Object, java.lang.Object, java.lang.Object, long)'> (0x0000000718b5ac28) 
thrown [s\open\src\hotspot\share\interpreter\linkResolver.cpp, line 773]
Event: 0.228 Thread 0x0000022771ffe770 Exception <a 'sun/nio/fs/WindowsException'{0x0000000718bf9cd8}> (0x0000000718bf9cd8) 
thrown [s\open\src\hotspot\share\prims\jni.cpp, line 519]
Event: 0.228 Thread 0x0000022771ffe770 Exception <a 'sun/nio/fs/WindowsException'{0x0000000718bfa038}> (0x0000000718bfa038) 
thrown [s\open\src\hotspot\share\prims\jni.cpp, line 519]
Event: 0.235 Thread 0x0000022771ffe770 Exception <a 'java/lang/NoSuchMethodError'{0x0000000718810e70}: 'int java.lang.invoke.Invokers$Holder.invokeExact_MT(java.lang.Object, java.lang.Object)'> (0x0000000718810e70) 
thrown [s\open\src\hotspot\share\interpreter\linkResolver.cpp, line 773]
Event: 0.496 Thread 0x0000022771ffe770 Exception <a 'java/lang/NoSuchMethodError'{0x0000000718888ea0}: 'void java.lang.System.load(java.lang.String, java.lang.Class)'> (0x0000000718888ea0) 
thrown [s\open\src\hotspot\share\interpreter\linkResolver.cpp, line 773]
Event: 0.497 Thread 0x0000022771ffe770 Exception <a 'java/lang/NoSuchMethodError'{0x000000071888bc88}: 'void java.lang.System.loadLibrary(java.lang.String, java.lang.Class)'> (0x000000071888bc88) 
thrown [s\open\src\hotspot\share\interpreter\linkResolver.cpp, line 773]
Event: 0.501 Thread 0x0000022771ffe770 Exception <a 'sun/nio/fs/WindowsException'{0x000000071889b608}> (0x000000071889b608) 
thrown [s\open\src\hotspot\share\prims\jni.cpp, line 519]
Event: 0.501 Thread 0x0000022771ffe770 Exception <a 'sun/nio/fs/WindowsException'{0x000000071889b9a8}> (0x000000071889b9a8) 
thrown [s\open\src\hotspot\share\prims\jni.cpp, line 519]
Event: 0.506 Thread 0x0000022771ffe770 Exception <a 'sun/nio/fs/WindowsException'{0x00000007188a45d0}> (0x00000007188a45d0) 
thrown [s\open\src\hotspot\share\prims\jni.cpp, line 519]
Event: 0.506 Thread 0x0000022771ffe770 Exception <a 'sun/nio/fs/WindowsException'{0x00000007188a48a0}> (0x00000007188a48a0) 
thrown [s\open\src\hotspot\share\prims\jni.cpp, line 519]
Event: 0.553 Thread 0x0000022771ffe770 Exception <a 'java/lang/ClassNotFoundException'{0x00000007189a5c48}: sun/awt/resources/spi/awtProvider> (0x00000007189a5c48) 
thrown [s\open\src\hotspot\share\classfile\systemDictionary.cpp, line 305]
Event: 0.565 Thread 0x0000022771ffe770 Exception <a 'java/io/FileNotFoundException'{0x00000007189f0900}> (0x00000007189f0900) 
thrown [s\open\src\hotspot\share\prims\jni.cpp, line 519]
Event: 0.569 Thread 0x0000022771ffe770 Exception <a 'java/io/FileNotFoundException'{0x000000071861aea0}> (0x000000071861aea0) 
thrown [s\open\src\hotspot\share\prims\jni.cpp, line 519]
Event: 0.583 Thread 0x0000022771ffe770 Exception <a 'java/lang/NoSuchMethodError'{0x0000000718655650}: 'java.lang.Object java.lang.invoke.DirectMethodHandle$Holder.invokeStaticInit(java.lang.Object, int, int, int, int)'> (0x0000000718655650) 
thrown [s\open\src\hotspot\share\interpreter\linkResolver.cpp, line 773]
Event: 0.631 Thread 0x0000022771ffe770 Exception <a 'java/lang/NoSuchMethodError'{0x000000071871e3f8}: 'java.lang.Object java.lang.invoke.DirectMethodHandle$Holder.invokeStaticInit(java.lang.Object, java.lang.Object, int, int, int, int)'> (0x000000071871e3f8) 
thrown [s\open\src\hotspot\share\interpreter\linkResolver.cpp, line 773]

VM Operations (20 events):
Event: 0.912 Executing VM operation: G1CollectForAllocation
Event: 0.916 Executing VM operation: G1CollectForAllocation done
Event: 1.113 Executing VM operation: G1CollectForAllocation
Event: 1.120 Executing VM operation: G1CollectForAllocation done
Event: 1.242 Executing VM operation: G1CollectForAllocation
Event: 1.248 Executing VM operation: G1CollectForAllocation done
Event: 1.362 Executing VM operation: G1CollectForAllocation
Event: 1.371 Executing VM operation: G1CollectForAllocation done
Event: 1.494 Executing VM operation: G1CollectForAllocation
Event: 1.503 Executing VM operation: G1CollectForAllocation done
Event: 1.744 Executing VM operation: G1CollectForAllocation
Event: 1.750 Executing VM operation: G1CollectForAllocation done
Event: 1.963 Executing VM operation: G1CollectForAllocation
Event: 1.970 Executing VM operation: G1CollectForAllocation done
Event: 2.166 Executing VM operation: G1CollectForAllocation
Event: 2.174 Executing VM operation: G1CollectForAllocation done
Event: 2.345 Executing VM operation: G1CollectForAllocation
Event: 2.356 Executing VM operation: G1CollectForAllocation done
Event: 2.553 Executing VM operation: G1CollectForAllocation
Event: 2.569 Executing VM operation: G1CollectForAllocation done

Events (20 events):
Event: 0.055 Thread 0x0000022716177990 Thread added: 0x0000022716177990
Event: 0.059 Thread 0x0000022716186780 Thread added: 0x0000022716186780
Event: 0.187 Thread 0x0000022716470d50 Thread added: 0x0000022716470d50
Event: 0.443 Thread 0x0000022716470d50 Thread exited: 0x0000022716470d50
Event: 0.636 Thread 0x0000022718849c80 Thread added: 0x0000022718849c80
Event: 0.841 Thread 0x0000022717b9f490 Thread added: 0x0000022717b9f490
Event: 0.842 Thread 0x0000022717b9ef00 Thread added: 0x0000022717b9ef00
Event: 0.845 Thread 0x0000022717b9fa20 Thread added: 0x0000022717b9fa20
Event: 0.845 Thread 0x0000022717ba3ce0 Thread added: 0x0000022717ba3ce0
Event: 1.218 Thread 0x0000022717ba3ce0 Thread exited: 0x0000022717ba3ce0
Event: 1.218 Thread 0x0000022717b9fa20 Thread exited: 0x0000022717b9fa20
Event: 1.355 Thread 0x0000022717b9ef00 Thread exited: 0x0000022717b9ef00
Event: 1.692 Thread 0x0000022716143970 Thread exited: 0x0000022716143970
Event: 1.692 Thread 0x0000022716141d90 Thread exited: 0x0000022716141d90
Event: 2.657 Thread 0x0000022717b9f490 Thread exited: 0x0000022717b9f490
Event: 2.693 Thread 0x0000022717ba2110 Thread added: 0x0000022717ba2110
Event: 3.101 Thread 0x0000022717ba2110 Thread exited: 0x0000022717ba2110
Event: 3.110 Thread 0x0000022717b9ef00 Thread added: 0x0000022717b9ef00
Event: 3.110 Thread 0x0000022717ba2110 Thread added: 0x0000022717ba2110
Event: 3.182 Thread 0x0000022717ba26a0 Thread added: 0x0000022717ba26a0


Dynamic libraries:
0x00007ff6925e0000 - 0x00007ff6925f0000 	C:\Program Files\Java\jdk-20\bin\javaw.exe
0x00007fff90fe0000 - 0x00007fff91246000 	C:\WINDOWS\SYSTEM32\ntdll.dll
0x00007fff8ff40000 - 0x00007fff90009000 	C:\WINDOWS\System32\KERNEL32.DLL
0x00007fff8e170000 - 0x00007fff8e53c000 	C:\WINDOWS\System32\KERNELBASE.dll
0x00007fff8e900000 - 0x00007fff8ea4b000 	C:\WINDOWS\System32\ucrtbase.dll
0x00007fff88940000 - 0x00007fff88959000 	C:\Program Files\Java\jdk-20\bin\jli.dll
0x00007fff66580000 - 0x00007fff6659b000 	C:\Program Files\Java\jdk-20\bin\VCRUNTIME140.dll
0x00007fff8fcd0000 - 0x00007fff8fd82000 	C:\WINDOWS\System32\ADVAPI32.dll
0x00007fff8fb90000 - 0x00007fff8fc39000 	C:\WINDOWS\System32\msvcrt.dll
0x00007fff908b0000 - 0x00007fff90956000 	C:\WINDOWS\System32\sechost.dll
0x00007fff90020000 - 0x00007fff90136000 	C:\WINDOWS\System32\RPCRT4.dll
0x00007fff90dd0000 - 0x00007fff90f9a000 	C:\WINDOWS\System32\USER32.dll
0x00007fff78dd0000 - 0x00007fff7906a000 	C:\WINDOWS\WinSxS\amd64_microsoft.windows.common-controls_6595b64144ccf1df_6.0.26100.3912_none_3e07963ce335137e\COMCTL32.dll
0x00007fff8e770000 - 0x00007fff8e797000 	C:\WINDOWS\System32\win32u.dll
0x00007fff90da0000 - 0x00007fff90dcb000 	C:\WINDOWS\System32\GDI32.dll
0x00007fff8ebd0000 - 0x00007fff8ed02000 	C:\WINDOWS\System32\gdi32full.dll
0x00007fff8e540000 - 0x00007fff8e5e3000 	C:\WINDOWS\System32\msvcp_win.dll
0x00007fff871e0000 - 0x00007fff871eb000 	C:\WINDOWS\SYSTEM32\VERSION.dll
0x00007fff90760000 - 0x00007fff90790000 	C:\WINDOWS\System32\IMM32.DLL
0x00007fff83320000 - 0x00007fff8332c000 	C:\Program Files\Java\jdk-20\bin\vcruntime140_1.dll
0x00007fff5f110000 - 0x00007fff5f19e000 	C:\Program Files\Java\jdk-20\bin\msvcp140.dll
0x00007ffea9a40000 - 0x00007ffeaa6d7000 	C:\Program Files\Java\jdk-20\bin\server\jvm.dll
0x00007fff6ff30000 - 0x00007fff6ff3a000 	C:\WINDOWS\SYSTEM32\WSOCK32.dll
0x00007fff835b0000 - 0x00007fff835e6000 	C:\WINDOWS\SYSTEM32\WINMM.dll
0x00007fff90990000 - 0x00007fff90a04000 	C:\WINDOWS\System32\WS2_32.dll
0x00007fff8cef0000 - 0x00007fff8cf0a000 	C:\WINDOWS\SYSTEM32\kernel.appcore.dll
0x00007fff88a00000 - 0x00007fff88a0a000 	C:\Program Files\Java\jdk-20\bin\jimage.dll
0x00007fff837b0000 - 0x00007fff839f1000 	C:\WINDOWS\SYSTEM32\DBGHELP.DLL
0x00007fff90a10000 - 0x00007fff90d94000 	C:\WINDOWS\System32\combase.dll
0x00007fff8eda0000 - 0x00007fff8ee80000 	C:\WINDOWS\System32\OLEAUT32.dll
0x00007fff66cd0000 - 0x00007fff66d09000 	C:\WINDOWS\SYSTEM32\dbgcore.DLL
0x00007fff8e7a0000 - 0x00007fff8e839000 	C:\WINDOWS\System32\bcryptPrimitives.dll
0x00007fff832f0000 - 0x00007fff83316000 	C:\Program Files\Java\jdk-20\bin\java.dll
0x00007fff671f0000 - 0x00007fff672c7000 	C:\Program Files\Java\jdk-20\bin\jsvml.dll
0x00007fff8f2d0000 - 0x00007fff8f9fd000 	C:\WINDOWS\System32\SHELL32.dll
0x00007fff8e5f0000 - 0x00007fff8e764000 	C:\WINDOWS\System32\wintypes.dll
0x00007fff8bda0000 - 0x00007fff8c5f6000 	C:\WINDOWS\SYSTEM32\windows.storage.dll
0x00007fff90160000 - 0x00007fff9024f000 	C:\WINDOWS\System32\SHCORE.dll
0x00007fff906f0000 - 0x00007fff90759000 	C:\WINDOWS\System32\shlwapi.dll
0x00007fff8e080000 - 0x00007fff8e0af000 	C:\WINDOWS\SYSTEM32\profapi.dll
0x00007fff83410000 - 0x00007fff83423000 	C:\Program Files\Java\jdk-20\bin\net.dll
0x00007fff86fc0000 - 0x00007fff870de000 	C:\WINDOWS\SYSTEM32\WINHTTP.dll
0x00007fff8d440000 - 0x00007fff8d4aa000 	C:\WINDOWS\system32\mswsock.dll
0x00007fff67cf0000 - 0x00007fff67d06000 	C:\Program Files\Java\jdk-20\bin\nio.dll
0x00007fff83470000 - 0x00007fff83488000 	C:\Program Files\Java\jdk-20\bin\zip.dll
0x00007fff861a0000 - 0x00007fff861b0000 	C:\Program Files\Java\jdk-20\bin\verify.dll
0x00007fff4d060000 - 0x00007fff4d0db000 	C:\Users\Denni\AppData\Local\Temp\lwjgl_Denni\3.3.3+5\x64\lwjgl.dll
0x00007fff4cf20000 - 0x00007fff4cfa2000 	C:\Users\Denni\AppData\Local\Temp\lwjgl_Denni\3.3.3+5\x64\glfw.dll
0x00007fff5f0c0000 - 0x00007fff5f10b000 	C:\WINDOWS\SYSTEM32\dinput8.dll
0x00007fff50a10000 - 0x00007fff50a22000 	C:\WINDOWS\SYSTEM32\xinput1_4.dll
0x00007fff8dc90000 - 0x00007fff8dcbd000 	C:\WINDOWS\SYSTEM32\DEVOBJ.dll
0x00007fff8dcf0000 - 0x00007fff8dd47000 	C:\WINDOWS\SYSTEM32\cfgmgr32.dll
0x00007fff8b8f0000 - 0x00007fff8b926000 	C:\WINDOWS\SYSTEM32\dwmapi.dll
0x00007fff787a0000 - 0x00007fff78981000 	C:\WINDOWS\SYSTEM32\inputhost.dll
0x00007fff8ad80000 - 0x00007fff8aea6000 	C:\WINDOWS\SYSTEM32\CoreMessaging.dll
0x00007fff8b2c0000 - 0x00007fff8b36f000 	C:\WINDOWS\system32\uxtheme.dll
0x00007fff8d670000 - 0x00007fff8d67c000 	C:\WINDOWS\SYSTEM32\CRYPTBASE.DLL
0x00007fff8f160000 - 0x00007fff8f2bf000 	C:\WINDOWS\System32\MSCTF.dll
0x00007fff53740000 - 0x00007fff5384c000 	C:\WINDOWS\SYSTEM32\opengl32.dll
0x00007fff86830000 - 0x00007fff8685d000 	C:\WINDOWS\SYSTEM32\GLU32.dll
0x00007fff8b4c0000 - 0x00007fff8b507000 	C:\WINDOWS\SYSTEM32\dxcore.dll
0x00007fff8b510000 - 0x00007fff8b570000 	C:\WINDOWS\SYSTEM32\directxdatabasehelper.dll
0x00007fff7b8f0000 - 0x00007fff7b90a000 	C:\WINDOWS\SYSTEM32\windows.staterepositorycore.dll
0x00007fff66410000 - 0x00007fff6643c000 	C:\Windows\System32\DriverStore\FileRepository\u0375185.inf_amd64_73f65969b9079bf6\B375122\atig6pxx.dll
0x00007ffe8e730000 - 0x00007ffe91573000 	C:\Windows\System32\DriverStore\FileRepository\u0375185.inf_amd64_73f65969b9079bf6\B375122\atio6axx.dll
0x00007fff90260000 - 0x00007fff906e6000 	C:\WINDOWS\System32\SETUPAPI.dll
0x00007fff8fd90000 - 0x00007fff8ff2f000 	C:\WINDOWS\System32\ole32.dll
0x00007fff685e0000 - 0x00007fff6860c000 	C:\WINDOWS\SYSTEM32\dxva2.dll
0x00007fff5eab0000 - 0x00007fff5eaef000 	C:\WINDOWS\System32\DriverStore\FileRepository\u0375185.inf_amd64_73f65969b9079bf6\B375122\atig6txx.dll
0x00007fff1f3a0000 - 0x00007fff1f56c000 	C:\WINDOWS\SYSTEM32\atiadlxx.dll
0x00007fff8f150000 - 0x00007fff8f158000 	C:\WINDOWS\System32\PSAPI.DLL
0x00007fff88d50000 - 0x00007fff88e4c000 	C:\WINDOWS\SYSTEM32\PROPSYS.dll
0x00007fff75db0000 - 0x00007fff75dfe000 	C:\WINDOWS\SYSTEM32\pdh.dll
0x00007fff8ed10000 - 0x00007fff8ed90000 	C:\WINDOWS\System32\WINTRUST.dll
0x00007fff8ea50000 - 0x00007fff8ebc7000 	C:\WINDOWS\System32\CRYPT32.dll
0x00007fff8d8f0000 - 0x00007fff8d903000 	C:\WINDOWS\SYSTEM32\MSASN1.dll
0x00007fff794b0000 - 0x00007fff795fd000 	C:\WINDOWS\SYSTEM32\textinputframework.dll
0x00007fff85690000 - 0x00007fff85973000 	C:\WINDOWS\SYSTEM32\CoreUIComponents.dll
0x00007fff50860000 - 0x00007fff508be000 	C:\Users\Denni\AppData\Local\Temp\lwjgl_Denni\3.3.3+5\x64\lwjgl_opengl.dll
0x00007fff194a0000 - 0x00007fff19631000 	C:\Program Files\Java\jdk-20\bin\awt.dll
0x00007fff8b160000 - 0x00007fff8b1fe000 	C:\WINDOWS\SYSTEM32\apphelp.dll
0x00007fff8d890000 - 0x00007fff8d8ac000 	C:\WINDOWS\SYSTEM32\CRYPTSP.dll
0x00007fff8ce50000 - 0x00007fff8ce8a000 	C:\WINDOWS\system32\rsaenh.dll
0x00007fff8d4e0000 - 0x00007fff8d50b000 	C:\WINDOWS\SYSTEM32\USERENV.dll
0x00007fff8e050000 - 0x00007fff8e076000 	C:\WINDOWS\SYSTEM32\bcrypt.dll
0x00007fff8c910000 - 0x00007fff8c943000 	C:\WINDOWS\SYSTEM32\IPHLPAPI.DLL
0x00007fff90010000 - 0x00007fff9001a000 	C:\WINDOWS\System32\NSI.dll
0x00007fff87a30000 - 0x00007fff87a4f000 	C:\WINDOWS\SYSTEM32\dhcpcsvc6.DLL
0x00007fff87310000 - 0x00007fff87335000 	C:\WINDOWS\SYSTEM32\dhcpcsvc.DLL
0x00007fff8c950000 - 0x00007fff8ca77000 	C:\WINDOWS\SYSTEM32\DNSAPI.dll
0x00007fff5de70000 - 0x00007fff5de9e000 	C:\Program Files\Java\jdk-20\bin\javajpeg.dll

dbghelp: loaded successfully - version: 4.0.5 - missing functions: none
symbol engine: initialized successfully - sym options: 0x614 - pdb path: .;C:\Program Files\Java\jdk-20\bin;C:\WINDOWS\SYSTEM32;C:\WINDOWS\WinSxS\amd64_microsoft.windows.common-controls_6595b64144ccf1df_6.0.26100.3912_none_3e07963ce335137e;C:\Program Files\Java\jdk-20\bin\server;C:\Users\Denni\AppData\Local\Temp\lwjgl_Denni\3.3.3+5\x64;C:\Windows\System32\DriverStore\FileRepository\u0375185.inf_amd64_73f65969b9079bf6\B375122

VM Arguments:
jvm_args: -Dfile.encoding=UTF-8 -XX:+ShowCodeDetailsInExceptionMessages 
java_command: Main3D
java_class_path (initial): C:\Users\Denni\OneDrive - UNIVALI\DISCIPLINAS\Disciplina Computao Grafica - CCO\20251\work\Opengl09 - Camera e Luz\target\classes;C:\Users\Denni\.m2\repository\org\lwjgl\lwjgl\3.3.3\lwjgl-3.3.3.jar;C:\Users\Denni\.m2\repository\org\lwjgl\lwjgl-assimp\3.3.3\lwjgl-assimp-3.3.3.jar;C:\Users\Denni\.m2\repository\org\lwjgl\lwjgl-glfw\3.3.3\lwjgl-glfw-3.3.3.jar;C:\Users\Denni\.m2\repository\org\lwjgl\lwjgl-openal\3.3.3\lwjgl-openal-3.3.3.jar;C:\Users\Denni\.m2\repository\org\lwjgl\lwjgl-opengl\3.3.3\lwjgl-opengl-3.3.3.jar;C:\Users\Denni\.m2\repository\org\lwjgl\lwjgl-stb\3.3.3\lwjgl-stb-3.3.3.jar;C:\Users\Denni\.m2\repository\org\lwjgl\lwjgl\3.3.3\lwjgl-3.3.3-natives-windows.jar;C:\Users\Denni\.m2\repository\org\lwjgl\lwjgl-assimp\3.3.3\lwjgl-assimp-3.3.3-natives-windows.jar;C:\Users\Denni\.m2\repository\org\lwjgl\lwjgl-glfw\3.3.3\lwjgl-glfw-3.3.3-natives-windows.jar;C:\Users\Denni\.m2\repository\org\lwjgl\lwjgl-openal\3.3.3\lwjgl-openal-3.3.3-natives-windows.jar;C:\Users\Denni\.m2\repository\org\lwjgl\lwjgl-opengl\3.3.3\lwjgl-opengl-3.3.3-natives-windows.jar;C:\Users\Denni\.m2\repository\org\lwjgl\lwjgl-stb\3.3.3\lwjgl-stb-3.3.3-natives-windows.jar;C:\Users\Denni\.m2\repository\org\lwjgl\lwjgl\lwjgl_util\2.9.1\lwjgl_util-2.9.1.jar;C:\Users\Denni\.m2\repository\org\lwjgl\lwjgl\lwjgl\2.9.1\lwjgl-2.9.1.jar;C:\Users\Denni\.m2\repository\org\lwjgl\lwjgl\lwjgl-platform\2.9.1\lwjgl-platform-2.9.1-natives-windows.jar;C:\Users\Denni\.m2\repository\org\lwjgl\lwjgl\lwjgl-platform\2.9.1\lwjgl-platform-2.9.1-natives-linux.jar;C:\Users\Denni\.m2\repository\org\lwjgl\lwjgl\lwjgl-platform\2.9.1\lwjgl-platform-2.9.1-natives-osx.jar;C:\Users\Denni\.m2\repository\net\java\jinput\jinput\2.0.5\jinput-2.0.5.jar;C:\Users\Denni\.m2\repository\net\java\jutils\jutils\1.0.0\jutils-1.0.0.jar;C:\Users\Denni\.m2\repository\net\java\jinput\jinput-platform\2.0.5\jinput-platform-2.0.5-natives-linux.jar;C:\Users\Denni\.m2\repository\net\java\jinput\jinput-platform\2.0.5\jinput-platform-2.0.5-natives-windows.jar;C:\Users\Denni\.m2\repository\net\java\jinput\jinput-platform\2.0.5\jinput-platform-2.0.5-natives-osx.jar
Launcher Type: SUN_STANDARD

[Global flags]
     intx CICompilerCount                          = 12                                        {product} {ergonomic}
     uint ConcGCThreads                            = 3                                         {product} {ergonomic}
     uint G1ConcRefinementThreads                  = 13                                        {product} {ergonomic}
   size_t G1HeapRegionSize                         = 2097152                                   {product} {ergonomic}
    uintx GCDrainStackTargetSize                   = 64                                        {product} {ergonomic}
   size_t InitialHeapSize                          = 260046848                                 {product} {ergonomic}
   size_t MarkStackSize                            = 4194304                                   {product} {ergonomic}
   size_t MaxHeapSize                              = 4135583744                                {product} {ergonomic}
   size_t MaxNewSize                               = 2480930816                                {product} {ergonomic}
   size_t MinHeapDeltaBytes                        = 2097152                                   {product} {ergonomic}
   size_t MinHeapSize                              = 8388608                                   {product} {ergonomic}
    uintx NonNMethodCodeHeapSize                   = 7602480                                {pd product} {ergonomic}
    uintx NonProfiledCodeHeapSize                  = 122027880                              {pd product} {ergonomic}
    uintx ProfiledCodeHeapSize                     = 122027880                              {pd product} {ergonomic}
    uintx ReservedCodeCacheSize                    = 251658240                              {pd product} {ergonomic}
     bool SegmentedCodeCache                       = true                                      {product} {ergonomic}
     bool ShowCodeDetailsInExceptionMessages       = true                                   {manageable} {command line}
   size_t SoftMaxHeapSize                          = 4135583744                             {manageable} {ergonomic}
     bool UseCompressedClassPointers               = true                           {product lp64_product} {ergonomic}
     bool UseCompressedOops                        = true                           {product lp64_product} {ergonomic}
     bool UseG1GC                                  = true                                      {product} {ergonomic}
     bool UseLargePagesIndividualAllocation        = false                                  {pd product} {ergonomic}

Logging:
Log output configuration:
 #0: stdout all=warning uptime,level,tags foldmultilines=false
 #1: stderr all=off uptime,level,tags foldmultilines=false

Environment Variables:
JAVA_HOME=C:\Program Files\Java\jdk-14.0.2
PATH=C:/Program Files/Java/jdk-20/bin/server;C:/Program Files/Java/jdk-20/bin;C:\Program Files (x86)\Razer\ChromaBroadcast\bin;C:\Program Files\Razer\ChromaBroadcast\bin;C:\Program Files\Common Files\Oracle\Java\javapath;C:\Program Files (x86)\Common Files\Oracle\Java\javapath;C:\Windows\system32;C:\Windows;C:\Windows\System32\Wbem;C:\Windows\System32\WindowsPowerShell\v1.0\;C:\Windows\System32\OpenSSH\;C:\Program Files (x86)\NVIDIA Corporation\PhysX\Common;C:\Program Files\NVIDIA Corporation\NVIDIA NvDLISR;C:\SDK\apache-maven-3.8.6\bin;C:\Program Files\Java\jdk-14.0.2\bin;C:\Program Files\PuTTY\;C:\Program Files\Git\cmd;C:\Windows\system32\config\systemprofile\AppData\Local\Microsoft\WindowsApps;C:\WINDOWS\system32;C:\WINDOWS;C:\WINDOWS\System32\Wbem;C:\WINDOWS\System32\WindowsPowerShell\v1.0\;C:\WINDOWS\System32\OpenSSH\;C:\Program Files\dotnet\;C:\Program Files\Git LFS;C:\Program Files\TortoiseGit\bin;C:\Program Files (x86)\Google\Cloud SDK\google-cloud-sdk\bin;C:\Program Files\Docker\Docker\resources\bin;C:\Program Files (x86)\Bitvise SSH Client;C:\Program Files\TortoiseSVN\bin;C:\Users\Denni\AppData\Local\Microsoft\WindowsApps;C:\Users\Denni\AppData\Local\Programs\Microsoft VS Code\bin;C:\Users\Denni\AppData\Local\Google\Cloud SDK\google-cloud-sdk\bin;;C:\Users\Denni\OneDrive\rea de Trabalho;
USERNAME=Denni
OS=Windows_NT
PROCESSOR_IDENTIFIER=AMD64 Family 25 Model 80 Stepping 0, AuthenticAMD
TMP=C:\Users\Denni\AppData\Local\Temp
TEMP=C:\Users\Denni\AppData\Local\Temp




---------------  S Y S T E M  ---------------

OS:
 Windows 11 , 64 bit Build 26100 (10.0.26100.3912)
OS uptime: 0 days 3:37 hours
Hyper-V role detected

CPU: total 16 (initial active 16) (16 cores per cpu, 2 threads per core) family 25 model 80 stepping 0 microcode 0xa50000d, cx8, cmov, fxsr, ht, mmx, 3dnowpref, sse, sse2, sse3, ssse3, sse4a, sse4.1, sse4.2, popcnt, lzcnt, tsc, tscinvbit, avx, avx2, aes, erms, clmul, bmi1, bmi2, adx, sha, fma, vzeroupper, clflush, clflushopt, hv, rdtscp, rdpid, fsrm, f16c, cet_ss

Memory: 4k page, system-wide physical 15775M (1556M free)
TotalPageFile size 54687M (AvailPageFile size 20382M)
current process WorkingSet (physical memory assigned to process): 676M, peak: 676M
current process commit charge ("private bytes"): 831M, peak: 831M

vm_info: Java HotSpot(TM) 64-Bit Server VM (20.0.1+9-29) for windows-amd64 JRE (20.0.1+9-29), built on 2023-03-07T13:56:11Z by "mach5one" with MS VC++ 17.1 (VS2022)

END.
